Log file open, 02/10/22 10:07:13
LogWindows: Failed to load 'aqProf.dll' (GetLastError=126)
LogWindows: File 'aqProf.dll' does not exist
LogWindows: Failed to load 'VtuneApi.dll' (GetLastError=126)
LogWindows: File 'VtuneApi.dll' does not exist
LogWindows: Failed to load 'VtuneApi32e.dll' (GetLastError=126)
LogWindows: File 'VtuneApi32e.dll' does not exist
LogConsoleResponse: Display: Failed to find resolution value strings in scalability ini. Falling back to default.
LogConsoleResponse: Display: Failed to find resolution value strings in scalability ini. Falling back to default.
LogInit: Display: Running engine for game: TheBoilerv1_5
LogPlatformFile: Not using cached read wrapper
LogTaskGraph: Started task graph with 5 named threads and 35 total threads with 3 sets of task threads.
LogStats: Stats thread started at 0.263734
LogICUInternationalization: ICU TimeZone Detection - Raw Offset: -5:00, Platform Override: ''
LogInit: Display: Loading text-based GConfig....
LogPluginManager: Mounting plugin MeshPainting
LogPluginManager: Mounting plugin XGEController
LogPluginManager: Mounting plugin Paper2D
LogPluginManager: Mounting plugin AISupport
LogPluginManager: Mounting plugin EnvironmentQueryEditor
LogPluginManager: Mounting plugin LightPropagationVolume
LogPluginManager: Mounting plugin LiveLink
LogPluginManager: Mounting plugin GameplayCameras
LogPluginManager: Mounting plugin CameraShakePreviewer
LogPluginManager: Mounting plugin CodeLiteSourceCodeAccess
LogPluginManager: Mounting plugin CLionSourceCodeAccess
LogPluginManager: Mounting plugin AnimationSharing
LogPluginManager: Mounting plugin GitSourceControl
LogPluginManager: Mounting plugin KDevelopSourceCodeAccess
LogPluginManager: Mounting plugin NullSourceCodeAccess
LogPluginManager: Mounting plugin PerforceSourceControl
LogPluginManager: Mounting plugin PixWinPlugin
LogPluginManager: Mounting plugin PlasticSourceControl
LogPluginManager: Mounting plugin RiderSourceCodeAccess
LogPluginManager: Mounting plugin PluginUtils
LogPluginManager: Mounting plugin PropertyAccessNode
LogPluginManager: Mounting plugin SubversionSourceControl
LogPluginManager: Mounting plugin TextureFormatOodle
LogPluginManager: Mounting plugin UObjectPlugin
LogPluginManager: Mounting plugin XCodeSourceCodeAccess
LogPluginManager: Mounting plugin VisualStudioCodeSourceCodeAccess
LogPluginManager: Mounting plugin VisualStudioSourceCodeAccess
LogPluginManager: Mounting plugin OodleData
LogPluginManager: Mounting plugin AssetManagerEditor
LogPluginManager: Mounting plugin OodleNetwork
LogPluginManager: Mounting plugin CryptoKeys
LogPluginManager: Mounting plugin DataValidation
LogPluginManager: Mounting plugin GameplayTagsEditor
LogPluginManager: Mounting plugin CurveEditorTools
LogPluginManager: Mounting plugin FacialAnimation
LogPluginManager: Mounting plugin GeometryMode
LogPluginManager: Mounting plugin MaterialAnalyzer
LogPluginManager: Mounting plugin MobileLauncherProfileWizard
LogPluginManager: Mounting plugin MacGraphicsSwitching
LogPluginManager: Mounting plugin SpeedTreeImporter
LogPluginManager: Mounting plugin PluginBrowser
LogPluginManager: Mounting plugin DatasmithContent
LogPluginManager: Mounting plugin VariantManagerContent
LogPluginManager: Mounting plugin Niagara
LogPluginManager: Mounting plugin LuminPlatformFeatures
LogPluginManager: Mounting plugin MagicLeap
LogPluginManager: Mounting plugin MagicLeapLightEstimation
LogPluginManager: Mounting plugin MagicLeapMedia
LogPluginManager: Mounting plugin MagicLeapPassableWorld
LogPluginManager: Mounting plugin MLSDK
LogPluginManager: Mounting plugin TcpMessaging
LogPluginManager: Mounting plugin UdpMessaging
LogPluginManager: Mounting plugin AlembicImporter
LogPluginManager: Mounting plugin BackChannel
LogPluginManager: Mounting plugin AutomationUtils
LogPluginManager: Mounting plugin ChaosNiagara
LogPluginManager: Mounting plugin ChaosCloth
LogPluginManager: Mounting plugin ChaosEditor
LogPluginManager: Mounting plugin ChaosSolverPlugin
LogPluginManager: Mounting plugin AndroidMedia
LogPluginManager: Mounting plugin ChaosClothEditor
LogPluginManager: Mounting plugin AvfMedia
LogPluginManager: Mounting plugin CharacterAI
LogPluginManager: Mounting plugin ImgMedia
LogPluginManager: Mounting plugin GeometryCache
LogPluginManager: Mounting plugin GeometryCollectionPlugin
LogPluginManager: Mounting plugin MediaCompositing
LogPluginManager: Mounting plugin WebMMedia
LogPluginManager: Mounting plugin MediaPlayerEditor
LogPluginManager: Mounting plugin WmfMedia
LogPluginManager: Mounting plugin GeometryProcessing
LogPluginManager: Mounting plugin ActorSequence
LogPluginManager: Mounting plugin MotoSynth
LogPluginManager: Mounting plugin PlanarCut
LogPluginManager: Mounting plugin PlatformCrypto
LogPluginManager: Mounting plugin ProxyLODPlugin
LogPluginManager: Mounting plugin OpenImageDenoise
LogPluginManager: Mounting plugin PythonScriptPlugin
LogPluginManager: Mounting plugin LauncherChunkInstaller
LogPluginManager: Mounting plugin LevelSequenceEditor
LogPluginManager: Mounting plugin MatineeToLevelSequence
LogPluginManager: Mounting plugin SkeletalReduction
LogPluginManager: Mounting plugin TemplateSequence
LogPluginManager: Mounting plugin OnlineSubsystem
LogPluginManager: Mounting plugin OnlineSubsystemNull
LogPluginManager: Mounting plugin OnlineSubsystemUtils
LogPluginManager: Mounting plugin ActorLayerUtilities
LogPluginManager: Mounting plugin AndroidDeviceProfileSelector
LogPluginManager: Mounting plugin AndroidMoviePlayer
LogPluginManager: Mounting plugin AndroidPermission
LogPluginManager: Mounting plugin AppleImageUtils
LogPluginManager: Mounting plugin AppleMoviePlayer
LogPluginManager: Mounting plugin ArchVisCharacter
LogPluginManager: Mounting plugin AssetTags
LogPluginManager: Mounting plugin AudioCapture
LogPluginManager: Mounting plugin AudioSynesthesia
LogPluginManager: Mounting plugin ChunkDownloader
LogPluginManager: Mounting plugin CableComponent
LogPluginManager: Mounting plugin CustomMeshComponent
LogPluginManager: Mounting plugin EditableMesh
LogPluginManager: Mounting plugin ExampleDeviceProfileSelector
LogPluginManager: Mounting plugin GoogleCloudMessaging
LogPluginManager: Mounting plugin GooglePAD
LogPluginManager: Mounting plugin ScreenshotTools
LogPluginManager: Mounting plugin IOSDeviceProfileSelector
LogPluginManager: Mounting plugin LinuxDeviceProfileSelector
LogPluginManager: Mounting plugin LocationServicesBPLibrary
LogPluginManager: Mounting plugin MobilePatchingUtils
LogPluginManager: Mounting plugin OpenXR
LogPluginManager: Mounting plugin OpenXRHandTracking
LogPluginManager: Mounting plugin OpenXREyeTracker
LogPluginManager: Mounting plugin PhysXVehicles
LogPluginManager: Mounting plugin PostSplashScreen
LogPluginManager: Mounting plugin ProceduralMeshComponent
LogPluginManager: Mounting plugin PropertyAccessEditor
LogPluginManager: Mounting plugin ResonanceAudio
LogPluginManager: Mounting plugin RuntimePhysXCooking
LogPluginManager: Mounting plugin SoundFields
LogPluginManager: Mounting plugin SignificanceManager
LogPluginManager: Mounting plugin Synthesis
LogPluginManager: Mounting plugin WebMMoviePlayer
LogPluginManager: Mounting plugin WindowsMoviePlayer
LogPluginManager: Mounting plugin Takes
LogPluginManager: Mounting plugin ContentBrowserClassDataSource
LogPluginManager: Mounting plugin ContentBrowserAssetDataSource
LogPluginManager: Mounting plugin ContentBrowserFileDataSource
LogPluginManager: Mounting plugin OnlineSubsystemGooglePlay
LogPluginManager: Mounting plugin OnlineSubsystemIOS
LogPluginManager: Mounting plugin OculusOpenXR
PixWinPlugin: PIX capture plugin failed to initialize! Check that the process is launched from PIX.
LogInit: Using libcurl 7.55.1-DEV
LogInit:  - built for x86_64-pc-win32
LogInit:  - supports SSL with OpenSSL/1.1.1
LogInit:  - supports HTTP deflate (compression) using libz 1.2.8
LogInit:  - other features:
LogInit:      CURL_VERSION_SSL
LogInit:      CURL_VERSION_LIBZ
LogInit:      CURL_VERSION_IPV6
LogInit:      CURL_VERSION_ASYNCHDNS
LogInit:      CURL_VERSION_LARGEFILE
LogInit:      CURL_VERSION_IDN
LogInit:  CurlRequestOptions (configurable via config and command line):
LogInit:  - bVerifyPeer = true  - Libcurl will verify peer certificate
LogInit:  - bUseHttpProxy = false  - Libcurl will NOT use HTTP proxy
LogInit:  - bDontReuseConnections = false  - Libcurl will reuse connections
LogInit:  - MaxHostConnections = 16  - Libcurl will limit the number of connections to a host
LogInit:  - LocalHostAddr = Default
LogInit:  - BufferSize = 65536
LogOnline: OSS: Creating online subsystem instance for: NULL
LogInit: WinSock: version 1.1 (2.2), MaxSocks=32767, MaxUdp=65467
LogOnline: OSS: TryLoadSubsystemAndSetDefault: Loaded subsystem for module [NULL]
LogInit: Build: ++UE4+Release-4.27-CL-18319896
LogInit: Engine Version: 4.27.2-18319896+++UE4+Release-4.27
LogInit: Compatible Engine Version: 4.27.0-17155196+++UE4+Release-4.27
LogInit: Net CL: 17155196
LogInit: OS: Windows 10 (Release 2009) (), CPU: Intel(R) Core(TM) i7-9750H CPU @ 2.60GHz, GPU: Intel(R) UHD Graphics 630
LogInit: Compiled (64-bit): Nov 30 2021 07:12:08
LogInit: Compiled with Visual C++: 19.24.28315.00
LogInit: Build Configuration: Development
LogInit: Branch Name: ++UE4+Release-4.27
LogInit: Command Line:  /Game/VRTemplate/Maps/VRTemplateMap -game -PIEVIACONSOLE -Multiprocess GameUserSettingsINI=C:/Users/Maximo/Documents/GitHub/TheBoiler/TheBoiler/Saved/Config/Windows/PIEGameUserSettings0.ini -MultiprocessSaveConfig -forcepassthrough -messaging -SessionName="Play in Standalone Game" -featureleveles31 -faketouches -MultiprocessSaveConfig -windowed -WinX=99 -WinY=93 SAVEWINPOS=1 -ResX=1386 -ResY=788
LogInit: Base Directory: C:/Unreal_Engine/UE_4.27/Engine/Binaries/Win64/
LogInit: Allocator: TBB
LogInit: Installed Engine Build: 1
LogDevObjectVersion: Number of dev versions registered: 29
LogDevObjectVersion:   Dev-Blueprints (B0D832E4-1F89-4F0D-ACCF-7EB736FD4AA2): 10
LogDevObjectVersion:   Dev-Build (E1C64328-A22C-4D53-A36C-8E866417BD8C): 0
LogDevObjectVersion:   Dev-Core (375EC13C-06E4-48FB-B500-84F0262A717E): 4
LogDevObjectVersion:   Dev-Editor (E4B068ED-F494-42E9-A231-DA0B2E46BB41): 40
LogDevObjectVersion:   Dev-Framework (CFFC743F-43B0-4480-9391-14DF171D2073): 37
LogDevObjectVersion:   Dev-Mobile (B02B49B5-BB20-44E9-A304-32B752E40360): 3
LogDevObjectVersion:   Dev-Networking (A4E4105C-59A1-49B5-A7C5-40C4547EDFEE): 0
LogDevObjectVersion:   Dev-Online (39C831C9-5AE6-47DC-9A44-9C173E1C8E7C): 0
LogDevObjectVersion:   Dev-Physics (78F01B33-EBEA-4F98-B9B4-84EACCB95AA2): 14
LogDevObjectVersion:   Dev-Platform (6631380F-2D4D-43E0-8009-CF276956A95A): 0
LogDevObjectVersion:   Dev-Rendering (12F88B9F-8875-4AFC-A67C-D90C383ABD29): 45
LogDevObjectVersion:   Dev-Sequencer (7B5AE74C-D270-4C10-A958-57980B212A5A): 13
LogDevObjectVersion:   Dev-VR (D7296918-1DD6-4BDD-9DE2-64A83CC13884): 3
LogDevObjectVersion:   Dev-LoadTimes (C2A15278-BFE7-4AFE-6C17-90FF531DF755): 1
LogDevObjectVersion:   Private-Geometry (6EACA3D4-40EC-4CC1-B786-8BED09428FC5): 3
LogDevObjectVersion:   Dev-AnimPhys (29E575DD-E0A3-4627-9D10-D276232CDCEA): 17
LogDevObjectVersion:   Dev-Anim (AF43A65D-7FD3-4947-9873-3E8ED9C1BB05): 15
LogDevObjectVersion:   Dev-ReflectionCapture (6B266CEC-1EC7-4B8F-A30B-E4D90942FC07): 1
LogDevObjectVersion:   Dev-Automation (0DF73D61-A23F-47EA-B727-89E90C41499A): 1
LogDevObjectVersion:   FortniteMain (601D1886-AC64-4F84-AA16-D3DE0DEAC7D6): 47
LogDevObjectVersion:   FortniteRelease (E7086368-6B23-4C58-8439-1B7016265E91): 1
LogDevObjectVersion:   Dev-Enterprise (9DFFBCD6-494F-0158-E221-12823C92A888): 10
LogDevObjectVersion:   Dev-Niagara (F2AED0AC-9AFE-416F-8664-AA7FFA26D6FC): 1
LogDevObjectVersion:   Dev-Destruction (174F1F0B-B4C6-45A5-B13F-2EE8D0FB917D): 10
LogDevObjectVersion:   Dev-Physics-Ext (35F94A83-E258-406C-A318-09F59610247C): 41
LogDevObjectVersion:   Dev-PhysicsMaterial-Chaos (B68FC16E-8B1B-42E2-B453-215C058844FE): 1
LogDevObjectVersion:   Dev-CineCamera (B2E18506-4273-CFC2-A54E-F4BB758BBA07): 1
LogDevObjectVersion:   Dev-VirtualProduction (64F58936-FD1B-42BA-BA96-7289D5D0FA4E): 1
LogDevObjectVersion:   Dev-MediaFramework (6F0ED827-A609-4895-9C91-998D90180EA4): 2
LogInit: Presizing for max 25165824 objects, including 0 objects not considered by GC, pre-allocating 0 bytes for permanent pool.
LogConfig: Applying CVar settings from Section [/Script/Engine.StreamingSettings] File [C:/Users/Maximo/Documents/GitHub/TheBoiler/TheBoiler/Saved/Config/Windows/Engine.ini]
LogConfig: Setting CVar [[s.MinBulkDataSizeForAsyncLoading:131072]]
LogConfig: Setting CVar [[s.AsyncLoadingThreadEnabled:0]]
LogConfig: Setting CVar [[s.EventDrivenLoaderEnabled:1]]
LogConfig: Setting CVar [[s.WarnIfTimeLimitExceeded:0]]
LogConfig: Setting CVar [[s.TimeLimitExceededMultiplier:1.5]]
LogConfig: Setting CVar [[s.TimeLimitExceededMinTime:0.005]]
LogConfig: Setting CVar [[s.UseBackgroundLevelStreaming:1]]
LogConfig: Setting CVar [[s.PriorityAsyncLoadingExtraTime:15.0]]
LogConfig: Setting CVar [[s.LevelStreamingActorsUpdateTimeLimit:5.0]]
LogConfig: Setting CVar [[s.PriorityLevelStreamingActorsUpdateExtraTime:5.0]]
LogConfig: Setting CVar [[s.LevelStreamingComponentsRegistrationGranularity:10]]
LogConfig: Setting CVar [[s.UnregisterComponentsTimeLimit:1.0]]
LogConfig: Setting CVar [[s.LevelStreamingComponentsUnregistrationGranularity:5]]
LogConfig: Setting CVar [[s.FlushStreamingOnExit:1]]
LogInit: Object subsystem initialized
LogConfig: Setting CVar [[con.DebugEarlyDefault:1]]
LogConfig: Setting CVar [[r.setres:1280x720]]
[2022.02.10-15.07.14:355][  0]LogConfig: Setting CVar [[con.DebugEarlyDefault:1]]
[2022.02.10-15.07.14:355][  0]LogConfig: Setting CVar [[r.setres:1280x720]]
[2022.02.10-15.07.14:355][  0]LogConfig: Applying CVar settings from Section [/Script/Engine.RendererSettings] File [C:/Users/Maximo/Documents/GitHub/TheBoiler/TheBoiler/Saved/Config/Windows/Engine.ini]
[2022.02.10-15.07.14:355][  0]LogConfig: Setting CVar [[r.GPUCrashDebugging:0]]
[2022.02.10-15.07.14:355][  0]LogConfig: Setting CVar [[r.Mobile.DisableVertexFog:1]]
[2022.02.10-15.07.14:355][  0]LogConfig: Setting CVar [[r.Shadow.CSM.MaxMobileCascades:2]]
[2022.02.10-15.07.14:355][  0]LogConfig: Setting CVar [[r.MobileMSAA:4]]
[2022.02.10-15.07.14:355][  0]LogConfig: Setting CVar [[r.Mobile.AllowDitheredLODTransition:0]]
[2022.02.10-15.07.14:355][  0]LogConfig: Setting CVar [[r.Mobile.AllowSoftwareOcclusion:0]]
[2022.02.10-15.07.14:355][  0]LogConfig: Setting CVar [[r.Mobile.VirtualTextures:0]]
[2022.02.10-15.07.14:355][  0]LogConfig: Setting CVar [[r.DiscardUnusedQuality:0]]
[2022.02.10-15.07.14:355][  0]LogConfig: Setting CVar [[r.AllowOcclusionQueries:1]]
[2022.02.10-15.07.14:355][  0]LogConfig: Setting CVar [[r.MinScreenRadiusForLights:0.030000]]
[2022.02.10-15.07.14:355][  0]LogConfig: Setting CVar [[r.MinScreenRadiusForDepthPrepass:0.030000]]
[2022.02.10-15.07.14:355][  0]LogConfig: Setting CVar [[r.MinScreenRadiusForCSMDepth:0.010000]]
[2022.02.10-15.07.14:355][  0]LogConfig: Setting CVar [[r.PrecomputedVisibilityWarning:0]]
[2022.02.10-15.07.14:355][  0]LogConfig: Setting CVar [[r.TextureStreaming:1]]
[2022.02.10-15.07.14:355][  0]LogConfig: Setting CVar [[Compat.UseDXT5NormalMaps:0]]
[2022.02.10-15.07.14:355][  0]LogConfig: Setting CVar [[r.VirtualTextures:0]]
[2022.02.10-15.07.14:355][  0]LogConfig: Setting CVar [[r.VirtualTexturedLightmaps:0]]
[2022.02.10-15.07.14:355][  0]LogConfig: Setting CVar [[r.VT.TileSize:128]]
[2022.02.10-15.07.14:355][  0]LogConfig: Setting CVar [[r.VT.TileBorderSize:4]]
[2022.02.10-15.07.14:355][  0]LogConfig: Setting CVar [[r.vt.FeedbackFactor:16]]
[2022.02.10-15.07.14:355][  0]LogConfig: Setting CVar [[r.VT.EnableCompressZlib:1]]
[2022.02.10-15.07.14:355][  0]LogConfig: Setting CVar [[r.VT.EnableCompressCrunch:0]]
[2022.02.10-15.07.14:355][  0]LogConfig: Setting CVar [[r.ClearCoatNormal:0]]
[2022.02.10-15.07.14:355][  0]LogConfig: Setting CVar [[r.ReflectionCaptureResolution:128]]
[2022.02.10-15.07.14:355][  0]LogConfig: Setting CVar [[r.Mobile.ReflectionCaptureCompression:0]]
[2022.02.10-15.07.14:355][  0]LogConfig: Setting CVar [[r.ReflectionEnvironmentLightmapMixBasedOnRoughness:1]]
[2022.02.10-15.07.14:355][  0]LogConfig: Setting CVar [[r.ForwardShading:1]]
[2022.02.10-15.07.14:355][  0]LogConfig: Setting CVar [[r.VertexFoggingForOpaque:1]]
[2022.02.10-15.07.14:355][  0]LogConfig: Setting CVar [[r.AllowStaticLighting:1]]
[2022.02.10-15.07.14:355][  0]LogConfig: Setting CVar [[r.NormalMapsForStaticLighting:0]]
[2022.02.10-15.07.14:355][  0]LogConfig: Setting CVar [[r.GenerateMeshDistanceFields:0]]
[2022.02.10-15.07.14:355][  0]LogConfig: Setting CVar [[r.DistanceFieldBuild.EightBit:0]]
[2022.02.10-15.07.14:355][  0]LogConfig: Setting CVar [[r.GenerateLandscapeGIData:0]]
[2022.02.10-15.07.14:355][  0]LogConfig: Setting CVar [[r.DistanceFieldBuild.Compress:0]]
[2022.02.10-15.07.14:355][  0]LogConfig: Setting CVar [[r.TessellationAdaptivePixelsPerTriangle:48.000000]]
[2022.02.10-15.07.14:355][  0]LogConfig: Setting CVar [[r.SeparateTranslucency:0]]
[2022.02.10-15.07.14:355][  0]LogConfig: Setting CVar [[r.TranslucentSortPolicy:0]]
[2022.02.10-15.07.14:355][  0]LogConfig: Setting CVar [[r.CustomDepth:1]]
[2022.02.10-15.07.14:355][  0]LogConfig: Setting CVar [[r.CustomDepthTemporalAAJitter:1]]
[2022.02.10-15.07.14:355][  0]LogConfig: Setting CVar [[r.PostProcessing.PropagateAlpha:0]]
[2022.02.10-15.07.14:355][  0]LogConfig: Setting CVar [[r.DefaultFeature.Bloom:0]]
[2022.02.10-15.07.14:355][  0]LogConfig: Setting CVar [[r.DefaultFeature.AmbientOcclusion:0]]
[2022.02.10-15.07.14:355][  0]LogConfig: Setting CVar [[r.DefaultFeature.AmbientOcclusionStaticFraction:1]]
[2022.02.10-15.07.14:355][  0]LogConfig: Setting CVar [[r.DefaultFeature.AutoExposure:0]]
[2022.02.10-15.07.14:355][  0]LogConfig: Setting CVar [[r.DefaultFeature.AutoExposure.Method:0]]
[2022.02.10-15.07.14:355][  0]LogConfig: Setting CVar [[r.DefaultFeature.AutoExposure.Bias:1.000000]]
[2022.02.10-15.07.14:355][  0]LogConfig: Setting CVar [[r.DefaultFeature.AutoExposure.ExtendDefaultLuminanceRange:1]]
[2022.02.10-15.07.14:355][  0]LogConfig: Setting CVar [[r.UsePreExposure:1]]
[2022.02.10-15.07.14:355][  0]LogConfig: Setting CVar [[r.EyeAdaptation.EditorOnly:0]]
[2022.02.10-15.07.14:355][  0]LogConfig: Setting CVar [[r.DefaultFeature.MotionBlur:0]]
[2022.02.10-15.07.14:355][  0]LogConfig: Setting CVar [[r.DefaultFeature.LensFlare:0]]
[2022.02.10-15.07.14:355][  0]LogConfig: Setting CVar [[r.TemporalAA.Upsampling:0]]
[2022.02.10-15.07.14:355][  0]LogConfig: Setting CVar [[r.SSGI.Enable:0]]
[2022.02.10-15.07.14:355][  0]LogConfig: Setting CVar [[r.DefaultFeature.AntiAliasing:3]]
[2022.02.10-15.07.14:355][  0]LogConfig: Setting CVar [[r.DefaultFeature.LightUnits:1]]
[2022.02.10-15.07.14:355][  0]LogConfig: Setting CVar [[r.DefaultBackBufferPixelFormat:4]]
[2022.02.10-15.07.14:355][  0]LogConfig: Setting CVar [[r.Shadow.UnbuiltPreviewInGame:1]]
[2022.02.10-15.07.14:355][  0]LogConfig: Setting CVar [[r.StencilForLODDither:0]]
[2022.02.10-15.07.14:355][  0]LogConfig: Setting CVar [[r.EarlyZPass:3]]
[2022.02.10-15.07.14:355][  0]LogConfig: Setting CVar [[r.EarlyZPassOnlyMaterialMasking:0]]
[2022.02.10-15.07.14:355][  0]LogConfig: Setting CVar [[r.DBuffer:1]]
[2022.02.10-15.07.14:355][  0]LogConfig: Setting CVar [[r.ClearSceneMethod:1]]
[2022.02.10-15.07.14:355][  0]LogConfig: Setting CVar [[r.BasePassOutputsVelocity:0]]
[2022.02.10-15.07.14:355][  0]LogConfig: Setting CVar [[r.VertexDeformationOutputsVelocity:0]]
[2022.02.10-15.07.14:355][  0]LogConfig: Setting CVar [[r.SelectiveBasePassOutputs:0]]
[2022.02.10-15.07.14:355][  0]LogConfig: Setting CVar [[fx.GPUSimulationTextureSizeX:1024]]
[2022.02.10-15.07.14:355][  0]LogConfig: Setting CVar [[fx.GPUSimulationTextureSizeY:1024]]
[2022.02.10-15.07.14:356][  0]LogConfig: Setting CVar [[r.AllowGlobalClipPlane:0]]
[2022.02.10-15.07.14:356][  0]LogConfig: Setting CVar [[r.GBufferFormat:1]]
[2022.02.10-15.07.14:356][  0]LogConfig: Setting CVar [[r.MorphTarget.Mode:1]]
[2022.02.10-15.07.14:356][  0]LogConfig: Setting CVar [[vr.InstancedStereo:1]]
[2022.02.10-15.07.14:356][  0]LogConfig: Setting CVar [[r.MobileHDR:0]]
[2022.02.10-15.07.14:356][  0]LogConfig: Setting CVar [[vr.MobileMultiView:1]]
[2022.02.10-15.07.14:356][  0]LogConfig: Setting CVar [[r.Mobile.UseHWsRGBEncoding:1]]
[2022.02.10-15.07.14:356][  0]LogConfig: Setting CVar [[vr.RoundRobinOcclusion:0]]
[2022.02.10-15.07.14:356][  0]LogConfig: Setting CVar [[vr.ODSCapture:0]]
[2022.02.10-15.07.14:356][  0]LogConfig: Setting CVar [[r.MeshStreaming:0]]
[2022.02.10-15.07.14:356][  0]LogConfig: Setting CVar [[r.WireframeCullThreshold:5.000000]]
[2022.02.10-15.07.14:356][  0]LogConfig: Setting CVar [[r.RayTracing:0]]
[2022.02.10-15.07.14:356][  0]LogConfig: Setting CVar [[r.RayTracing.UseTextureLod:0]]
[2022.02.10-15.07.14:356][  0]LogConfig: Setting CVar [[r.SupportStationarySkylight:1]]
[2022.02.10-15.07.14:356][  0]LogConfig: Setting CVar [[r.SupportLowQualityLightmaps:1]]
[2022.02.10-15.07.14:356][  0]LogConfig: Setting CVar [[r.SupportPointLightWholeSceneShadows:1]]
[2022.02.10-15.07.14:356][  0]LogConfig: Setting CVar [[r.SupportAtmosphericFog:1]]
[2022.02.10-15.07.14:356][  0]LogConfig: Setting CVar [[r.SupportSkyAtmosphere:1]]
[2022.02.10-15.07.14:356][  0]LogConfig: Setting CVar [[r.SupportSkyAtmosphereAffectsHeightFog:0]]
[2022.02.10-15.07.14:356][  0]LogConfig: Setting CVar [[r.SkinCache.CompileShaders:0]]
[2022.02.10-15.07.14:356][  0]LogConfig: Setting CVar [[r.SkinCache.DefaultBehavior:1]]
[2022.02.10-15.07.14:356][  0]LogConfig: Setting CVar [[r.SkinCache.SceneMemoryLimitInMB:128.000000]]
[2022.02.10-15.07.14:356][  0]LogConfig: Setting CVar [[r.Mobile.EnableStaticAndCSMShadowReceivers:1]]
[2022.02.10-15.07.14:356][  0]LogConfig: Setting CVar [[r.Mobile.EnableMovableLightCSMShaderCulling:1]]
[2022.02.10-15.07.14:356][  0]LogConfig: Setting CVar [[r.Mobile.AllowDistanceFieldShadows:1]]
[2022.02.10-15.07.14:356][  0]LogConfig: Setting CVar [[r.Mobile.AllowMovableDirectionalLights:1]]
[2022.02.10-15.07.14:356][  0]LogConfig: Setting CVar [[r.MobileNumDynamicPointLights:4]]
[2022.02.10-15.07.14:356][  0]LogConfig: Setting CVar [[r.MobileDynamicPointLightsUseStaticBranch:1]]
[2022.02.10-15.07.14:356][  0]LogConfig: Setting CVar [[r.Mobile.EnableMovableSpotlights:0]]
[2022.02.10-15.07.14:356][  0]LogConfig: Setting CVar [[r.Mobile.EnableMovableSpotlightsShadow:0]]
[2022.02.10-15.07.14:356][  0]LogConfig: Setting CVar [[r.GPUSkin.Support16BitBoneIndex:0]]
[2022.02.10-15.07.14:356][  0]LogConfig: Setting CVar [[r.GPUSkin.Limit2BoneInfluences:0]]
[2022.02.10-15.07.14:356][  0]LogConfig: Setting CVar [[r.SupportDepthOnlyIndexBuffers:1]]
[2022.02.10-15.07.14:356][  0]LogConfig: Setting CVar [[r.SupportReversedIndexBuffers:1]]
[2022.02.10-15.07.14:356][  0]LogConfig: Setting CVar [[r.LightPropagationVolume:0]]
[2022.02.10-15.07.14:356][  0]LogConfig: Setting CVar [[r.Mobile.AmbientOcclusion:0]]
[2022.02.10-15.07.14:356][  0]LogConfig: Setting CVar [[r.GPUSkin.UnlimitedBoneInfluences:0]]
[2022.02.10-15.07.14:356][  0]LogConfig: Setting CVar [[r.GPUSkin.UnlimitedBoneInfluencesThreshold:8]]
[2022.02.10-15.07.14:356][  0]LogConfig: Setting CVar [[r.Mobile.PlanarReflectionMode:0]]
[2022.02.10-15.07.14:356][  0]LogConfig: Setting CVar [[r.Mobile.SupportGPUScene:1]]
[2022.02.10-15.07.14:356][  0]LogConfig: Applying CVar settings from Section [/Script/Engine.RendererOverrideSettings] File [C:/Users/Maximo/Documents/GitHub/TheBoiler/TheBoiler/Saved/Config/Windows/Engine.ini]
[2022.02.10-15.07.14:356][  0]LogConfig: Applying CVar settings from Section [/Script/Engine.StreamingSettings] File [C:/Users/Maximo/Documents/GitHub/TheBoiler/TheBoiler/Saved/Config/Windows/Engine.ini]
[2022.02.10-15.07.14:356][  0]LogConfig: Setting CVar [[s.MinBulkDataSizeForAsyncLoading:131072]]
[2022.02.10-15.07.14:356][  0]LogConfig: Setting CVar [[s.AsyncLoadingThreadEnabled:0]]
[2022.02.10-15.07.14:356][  0]LogConfig: Setting CVar [[s.EventDrivenLoaderEnabled:1]]
[2022.02.10-15.07.14:356][  0]LogConfig: Setting CVar [[s.WarnIfTimeLimitExceeded:0]]
[2022.02.10-15.07.14:356][  0]LogConfig: Setting CVar [[s.TimeLimitExceededMultiplier:1.5]]
[2022.02.10-15.07.14:356][  0]LogConfig: Setting CVar [[s.TimeLimitExceededMinTime:0.005]]
[2022.02.10-15.07.14:356][  0]LogConfig: Setting CVar [[s.UseBackgroundLevelStreaming:1]]
[2022.02.10-15.07.14:356][  0]LogConfig: Setting CVar [[s.PriorityAsyncLoadingExtraTime:15.0]]
[2022.02.10-15.07.14:356][  0]LogConfig: Setting CVar [[s.LevelStreamingActorsUpdateTimeLimit:5.0]]
[2022.02.10-15.07.14:356][  0]LogConfig: Setting CVar [[s.PriorityLevelStreamingActorsUpdateExtraTime:5.0]]
[2022.02.10-15.07.14:356][  0]LogConfig: Setting CVar [[s.LevelStreamingComponentsRegistrationGranularity:10]]
[2022.02.10-15.07.14:356][  0]LogConfig: Setting CVar [[s.UnregisterComponentsTimeLimit:1.0]]
[2022.02.10-15.07.14:356][  0]LogConfig: Setting CVar [[s.LevelStreamingComponentsUnregistrationGranularity:5]]
[2022.02.10-15.07.14:356][  0]LogConfig: Setting CVar [[s.FlushStreamingOnExit:1]]
[2022.02.10-15.07.14:356][  0]LogConfig: Applying CVar settings from Section [/Script/Engine.GarbageCollectionSettings] File [C:/Users/Maximo/Documents/GitHub/TheBoiler/TheBoiler/Saved/Config/Windows/Engine.ini]
[2022.02.10-15.07.14:356][  0]LogConfig: Setting CVar [[gc.MaxObjectsNotConsideredByGC:1]]
[2022.02.10-15.07.14:356][  0]LogConfig: Setting CVar [[gc.SizeOfPermanentObjectPool:0]]
[2022.02.10-15.07.14:356][  0]LogConfig: Setting CVar [[gc.FlushStreamingOnGC:0]]
[2022.02.10-15.07.14:356][  0]LogConfig: Setting CVar [[gc.NumRetriesBeforeForcingGC:10]]
[2022.02.10-15.07.14:356][  0]LogConfig: Setting CVar [[gc.AllowParallelGC:1]]
[2022.02.10-15.07.14:356][  0]LogConfig: Setting CVar [[gc.TimeBetweenPurgingPendingKillObjects:61.1]]
[2022.02.10-15.07.14:356][  0]LogConfig: Setting CVar [[gc.MaxObjectsInEditor:25165824]]
[2022.02.10-15.07.14:356][  0]LogConfig: Setting CVar [[gc.IncrementalBeginDestroyEnabled:1]]
[2022.02.10-15.07.14:356][  0]LogConfig: Setting CVar [[gc.CreateGCClusters:1]]
[2022.02.10-15.07.14:356][  0]LogConfig: Setting CVar [[gc.MinGCClusterSize:5]]
[2022.02.10-15.07.14:356][  0]LogConfig: Setting CVar [[gc.ActorClusteringEnabled:0]]
[2022.02.10-15.07.14:356][  0]LogConfig: Setting CVar [[gc.BlueprintClusteringEnabled:0]]
[2022.02.10-15.07.14:356][  0]LogConfig: Setting CVar [[gc.UseDisregardForGCOnDedicatedServers:0]]
[2022.02.10-15.07.14:356][  0]LogConfig: Setting CVar [[gc.MultithreadedDestructionEnabled:1]]
[2022.02.10-15.07.14:356][  0]LogConfig: Applying CVar settings from Section [/Script/Engine.NetworkSettings] File [C:/Users/Maximo/Documents/GitHub/TheBoiler/TheBoiler/Saved/Config/Windows/Engine.ini]
[2022.02.10-15.07.14:356][  0]LogConfig: Applying CVar settings from Section [/Script/UnrealEd.CookerSettings] File [C:/Users/Maximo/Documents/GitHub/TheBoiler/TheBoiler/Saved/Config/Windows/Engine.ini]
[2022.02.10-15.07.14:370][  0]LogConfig: Applying CVar settings from Section [ViewDistanceQuality@3] File [C:/Users/Maximo/Documents/GitHub/TheBoiler/TheBoiler/Saved/Config/Windows/Scalability.ini]
[2022.02.10-15.07.14:370][  0]LogConfig: Setting CVar [[r.SkeletalMeshLODBias:0]]
[2022.02.10-15.07.14:370][  0]LogConfig: Setting CVar [[r.ViewDistanceScale:1.0]]
[2022.02.10-15.07.14:370][  0]LogConfig: Applying CVar settings from Section [AntiAliasingQuality@3] File [C:/Users/Maximo/Documents/GitHub/TheBoiler/TheBoiler/Saved/Config/Windows/Scalability.ini]
[2022.02.10-15.07.14:370][  0]LogConfig: Setting CVar [[r.PostProcessAAQuality:4]]
[2022.02.10-15.07.14:370][  0]LogConfig: Applying CVar settings from Section [ShadowQuality@3] File [C:/Users/Maximo/Documents/GitHub/TheBoiler/TheBoiler/Saved/Config/Windows/Scalability.ini]
[2022.02.10-15.07.14:370][  0]LogConfig: Setting CVar [[r.LightFunctionQuality:1]]
[2022.02.10-15.07.14:370][  0]LogConfig: Setting CVar [[r.ShadowQuality:5]]
[2022.02.10-15.07.14:370][  0]LogConfig: Setting CVar [[r.Shadow.CSM.MaxCascades:10]]
[2022.02.10-15.07.14:370][  0]LogConfig: Setting CVar [[r.Shadow.MaxResolution:2048]]
[2022.02.10-15.07.14:370][  0]LogConfig: Setting CVar [[r.Shadow.MaxCSMResolution:2048]]
[2022.02.10-15.07.14:370][  0]LogConfig: Setting CVar [[r.Shadow.RadiusThreshold:0.01]]
[2022.02.10-15.07.14:370][  0]LogConfig: Setting CVar [[r.Shadow.DistanceScale:1.0]]
[2022.02.10-15.07.14:370][  0]LogConfig: Setting CVar [[r.Shadow.CSM.TransitionScale:1.0]]
[2022.02.10-15.07.14:370][  0]LogConfig: Setting CVar [[r.Shadow.PreShadowResolutionFactor:1.0]]
[2022.02.10-15.07.14:370][  0]LogConfig: Setting CVar [[r.DistanceFieldShadowing:1]]
[2022.02.10-15.07.14:370][  0]LogConfig: Setting CVar [[r.DistanceFieldAO:1]]
[2022.02.10-15.07.14:370][  0]LogConfig: Setting CVar [[r.AOQuality:2]]
[2022.02.10-15.07.14:370][  0]LogConfig: Setting CVar [[r.VolumetricFog:1]]
[2022.02.10-15.07.14:370][  0]LogConfig: Setting CVar [[r.VolumetricFog.GridPixelSize:8]]
[2022.02.10-15.07.14:370][  0]LogConfig: Setting CVar [[r.VolumetricFog.GridSizeZ:128]]
[2022.02.10-15.07.14:370][  0]LogConfig: Setting CVar [[r.VolumetricFog.HistoryMissSupersampleCount:4]]
[2022.02.10-15.07.14:370][  0]LogConfig: Setting CVar [[r.LightMaxDrawDistanceScale:1]]
[2022.02.10-15.07.14:370][  0]LogConfig: Setting CVar [[r.CapsuleShadows:1]]
[2022.02.10-15.07.14:370][  0]LogConfig: Applying CVar settings from Section [PostProcessQuality@3] File [C:/Users/Maximo/Documents/GitHub/TheBoiler/TheBoiler/Saved/Config/Windows/Scalability.ini]
[2022.02.10-15.07.14:370][  0]LogConfig: Setting CVar [[r.MotionBlurQuality:4]]
[2022.02.10-15.07.14:370][  0]LogConfig: Setting CVar [[r.AmbientOcclusionMipLevelFactor:0.4]]
[2022.02.10-15.07.14:370][  0]LogConfig: Setting CVar [[r.AmbientOcclusionMaxQuality:100]]
[2022.02.10-15.07.14:370][  0]LogConfig: Setting CVar [[r.AmbientOcclusionLevels:-1]]
[2022.02.10-15.07.14:370][  0]LogConfig: Setting CVar [[r.AmbientOcclusionRadiusScale:1.0]]
[2022.02.10-15.07.14:370][  0]LogConfig: Setting CVar [[r.DepthOfFieldQuality:2]]
[2022.02.10-15.07.14:370][  0]LogConfig: Setting CVar [[r.RenderTargetPoolMin:400]]
[2022.02.10-15.07.14:370][  0]LogConfig: Setting CVar [[r.LensFlareQuality:2]]
[2022.02.10-15.07.14:370][  0]LogConfig: Setting CVar [[r.SceneColorFringeQuality:1]]
[2022.02.10-15.07.14:370][  0]LogConfig: Setting CVar [[r.EyeAdaptationQuality:2]]
[2022.02.10-15.07.14:370][  0]LogConfig: Setting CVar [[r.BloomQuality:5]]
[2022.02.10-15.07.14:370][  0]LogConfig: Setting CVar [[r.FastBlurThreshold:100]]
[2022.02.10-15.07.14:370][  0]LogConfig: Setting CVar [[r.Upscale.Quality:3]]
[2022.02.10-15.07.14:370][  0]LogConfig: Setting CVar [[r.Tonemapper.GrainQuantization:1]]
[2022.02.10-15.07.14:370][  0]LogConfig: Setting CVar [[r.LightShaftQuality:1]]
[2022.02.10-15.07.14:370][  0]LogConfig: Setting CVar [[r.Filter.SizeScale:1]]
[2022.02.10-15.07.14:370][  0]LogConfig: Setting CVar [[r.Tonemapper.Quality:5]]
[2022.02.10-15.07.14:370][  0]LogConfig: Setting CVar [[r.DOF.Gather.AccumulatorQuality:1        ; higher gathering accumulator quality]]
[2022.02.10-15.07.14:370][  0]LogConfig: Setting CVar [[r.DOF.Gather.PostfilterMethod:1          ; Median3x3 postfilering method]]
[2022.02.10-15.07.14:370][  0]LogConfig: Setting CVar [[r.DOF.Gather.EnableBokehSettings:0       ; no bokeh simulation when gathering]]
[2022.02.10-15.07.14:370][  0]LogConfig: Setting CVar [[r.DOF.Gather.RingCount:4                 ; medium number of samples when gathering]]
[2022.02.10-15.07.14:370][  0]LogConfig: Setting CVar [[r.DOF.Scatter.ForegroundCompositing:1    ; additive foreground scattering]]
[2022.02.10-15.07.14:371][  0]LogConfig: Setting CVar [[r.DOF.Scatter.BackgroundCompositing:2    ; additive background scattering]]
[2022.02.10-15.07.14:371][  0]LogConfig: Setting CVar [[r.DOF.Scatter.EnableBokehSettings:1      ; bokeh simulation when scattering]]
[2022.02.10-15.07.14:371][  0]LogConfig: Setting CVar [[r.DOF.Scatter.MaxSpriteRatio:0.1         ; only a maximum of 10% of scattered bokeh]]
[2022.02.10-15.07.14:371][  0]LogConfig: Setting CVar [[r.DOF.Recombine.Quality:1                ; cheap slight out of focus]]
[2022.02.10-15.07.14:371][  0]LogConfig: Setting CVar [[r.DOF.Recombine.EnableBokehSettings:0    ; no bokeh simulation on slight out of focus]]
[2022.02.10-15.07.14:371][  0]LogConfig: Setting CVar [[r.DOF.TemporalAAQuality:1                ; more stable temporal accumulation]]
[2022.02.10-15.07.14:371][  0]LogConfig: Setting CVar [[r.DOF.Kernel.MaxForegroundRadius:0.025]]
[2022.02.10-15.07.14:371][  0]LogConfig: Setting CVar [[r.DOF.Kernel.MaxBackgroundRadius:0.025]]
[2022.02.10-15.07.14:371][  0]LogConfig: Applying CVar settings from Section [TextureQuality@3] File [C:/Users/Maximo/Documents/GitHub/TheBoiler/TheBoiler/Saved/Config/Windows/Scalability.ini]
[2022.02.10-15.07.14:371][  0]LogConfig: Setting CVar [[r.Streaming.MipBias:0]]
[2022.02.10-15.07.14:371][  0]LogConfig: Setting CVar [[r.Streaming.AmortizeCPUToGPUCopy:0]]
[2022.02.10-15.07.14:371][  0]LogConfig: Setting CVar [[r.Streaming.MaxNumTexturesToStreamPerFrame:0]]
[2022.02.10-15.07.14:371][  0]LogConfig: Setting CVar [[r.Streaming.Boost:1]]
[2022.02.10-15.07.14:371][  0]LogConfig: Setting CVar [[r.MaxAnisotropy:8]]
[2022.02.10-15.07.14:371][  0]LogConfig: Setting CVar [[r.VT.MaxAnisotropy:8]]
[2022.02.10-15.07.14:371][  0]LogConfig: Setting CVar [[r.Streaming.LimitPoolSizeToVRAM:0]]
[2022.02.10-15.07.14:371][  0]LogConfig: Setting CVar [[r.Streaming.PoolSize:1000]]
[2022.02.10-15.07.14:371][  0]LogConfig: Setting CVar [[r.Streaming.MaxEffectiveScreenSize:0]]
[2022.02.10-15.07.14:371][  0]LogConfig: Applying CVar settings from Section [EffectsQuality@3] File [C:/Users/Maximo/Documents/GitHub/TheBoiler/TheBoiler/Saved/Config/Windows/Scalability.ini]
[2022.02.10-15.07.14:371][  0]LogConfig: Setting CVar [[r.TranslucencyLightingVolumeDim:64]]
[2022.02.10-15.07.14:371][  0]LogConfig: Setting CVar [[r.RefractionQuality:2]]
[2022.02.10-15.07.14:371][  0]LogConfig: Setting CVar [[r.SSR.Quality:3]]
[2022.02.10-15.07.14:371][  0]LogConfig: Setting CVar [[r.SSR.HalfResSceneColor:0]]
[2022.02.10-15.07.14:371][  0]LogConfig: Setting CVar [[r.SceneColorFormat:4]]
[2022.02.10-15.07.14:371][  0]LogConfig: Setting CVar [[r.DetailMode:2]]
[2022.02.10-15.07.14:371][  0]LogConfig: Setting CVar [[r.TranslucencyVolumeBlur:1]]
[2022.02.10-15.07.14:371][  0]LogConfig: Setting CVar [[r.MaterialQualityLevel:1 ; High quality]]
[2022.02.10-15.07.14:371][  0]LogConfig: Setting CVar [[r.AnisotropicMaterials:1]]
[2022.02.10-15.07.14:371][  0]LogConfig: Setting CVar [[r.SSS.Scale:1]]
[2022.02.10-15.07.14:371][  0]LogConfig: Setting CVar [[r.SSS.SampleSet:2]]
[2022.02.10-15.07.14:371][  0]LogConfig: Setting CVar [[r.SSS.Quality:1]]
[2022.02.10-15.07.14:371][  0]LogConfig: Setting CVar [[r.SSS.HalfRes:0]]
[2022.02.10-15.07.14:371][  0]LogConfig: Setting CVar [[r.SSGI.Quality:3]]
[2022.02.10-15.07.14:371][  0]LogConfig: Setting CVar [[r.EmitterSpawnRateScale:1.0]]
[2022.02.10-15.07.14:371][  0]LogConfig: Setting CVar [[r.ParticleLightQuality:2]]
[2022.02.10-15.07.14:371][  0]LogConfig: Setting CVar [[r.SkyAtmosphere.AerialPerspectiveLUT.FastApplyOnOpaque:1 ; Always have FastSkyLUT 1 in this case to avoid wrong sky]]
[2022.02.10-15.07.14:371][  0]LogConfig: Setting CVar [[r.SkyAtmosphere.AerialPerspectiveLUT.SampleCountMaxPerSlice:4]]
[2022.02.10-15.07.14:371][  0]LogConfig: Setting CVar [[r.SkyAtmosphere.AerialPerspectiveLUT.DepthResolution:16.0]]
[2022.02.10-15.07.14:371][  0]LogConfig: Setting CVar [[r.SkyAtmosphere.FastSkyLUT:1]]
[2022.02.10-15.07.14:371][  0]LogConfig: Setting CVar [[r.SkyAtmosphere.FastSkyLUT.SampleCountMin:4.0]]
[2022.02.10-15.07.14:371][  0]LogConfig: Setting CVar [[r.SkyAtmosphere.FastSkyLUT.SampleCountMax:128.0]]
[2022.02.10-15.07.14:371][  0]LogConfig: Setting CVar [[r.SkyAtmosphere.SampleCountMin:4.0]]
[2022.02.10-15.07.14:371][  0]LogConfig: Setting CVar [[r.SkyAtmosphere.SampleCountMax:128.0]]
[2022.02.10-15.07.14:371][  0]LogConfig: Setting CVar [[r.SkyAtmosphere.TransmittanceLUT.UseSmallFormat:0]]
[2022.02.10-15.07.14:371][  0]LogConfig: Setting CVar [[r.SkyAtmosphere.TransmittanceLUT.SampleCount:10.0]]
[2022.02.10-15.07.14:371][  0]LogConfig: Setting CVar [[r.SkyAtmosphere.MultiScatteringLUT.SampleCount:15.0]]
[2022.02.10-15.07.14:371][  0]LogConfig: Setting CVar [[r.SkyLight.RealTimeReflectionCapture:1]]
[2022.02.10-15.07.14:371][  0]LogConfig: Applying CVar settings from Section [FoliageQuality@3] File [C:/Users/Maximo/Documents/GitHub/TheBoiler/TheBoiler/Saved/Config/Windows/Scalability.ini]
[2022.02.10-15.07.14:371][  0]LogConfig: Setting CVar [[foliage.DensityScale:1.0]]
[2022.02.10-15.07.14:371][  0]LogConfig: Setting CVar [[grass.DensityScale:1.0]]
[2022.02.10-15.07.14:371][  0]LogConfig: Applying CVar settings from Section [ShadingQuality@3] File [C:/Users/Maximo/Documents/GitHub/TheBoiler/TheBoiler/Saved/Config/Windows/Scalability.ini]
[2022.02.10-15.07.14:371][  0]LogConfig: Setting CVar [[r.HairStrands.SkyLighting.IntegrationType:2]]
[2022.02.10-15.07.14:371][  0]LogConfig: Setting CVar [[r.HairStrands.SkyAO.SampleCount:4]]
[2022.02.10-15.07.14:371][  0]LogConfig: Setting CVar [[r.HairStrands.Visibility.MSAA.SamplePerPixel:4]]
[2022.02.10-15.07.14:371][  0]LogInit: Selected Device Profile: [Windows]
[2022.02.10-15.07.14:371][  0]LogInit: Applying CVar settings loaded from the selected device profile: [Windows]
[2022.02.10-15.07.14:371][  0]LogHAL: Display: Platform has ~ 16 GB [17009004544 / 17179869184 / 16], which maps to Larger [LargestMinGB=32, LargerMinGB=12, DefaultMinGB=8, SmallerMinGB=6, SmallestMinGB=0)
[2022.02.10-15.07.14:371][  0]LogInit: Going up to parent DeviceProfile []
[2022.02.10-15.07.14:371][  0]LogConfig: Applying CVar settings from Section [ViewDistanceQuality@3] File [C:/Users/Maximo/Documents/GitHub/TheBoiler/TheBoiler/Saved/Config/Windows/Scalability.ini]
[2022.02.10-15.07.14:371][  0]LogConfig: Setting CVar [[r.SkeletalMeshLODBias:0]]
[2022.02.10-15.07.14:371][  0]LogConfig: Setting CVar [[r.ViewDistanceScale:1.0]]
[2022.02.10-15.07.14:371][  0]LogConfig: Applying CVar settings from Section [AntiAliasingQuality@3] File [C:/Users/Maximo/Documents/GitHub/TheBoiler/TheBoiler/Saved/Config/Windows/Scalability.ini]
[2022.02.10-15.07.14:371][  0]LogConfig: Setting CVar [[r.PostProcessAAQuality:4]]
[2022.02.10-15.07.14:372][  0]LogConfig: Applying CVar settings from Section [ShadowQuality@3] File [C:/Users/Maximo/Documents/GitHub/TheBoiler/TheBoiler/Saved/Config/Windows/Scalability.ini]
[2022.02.10-15.07.14:372][  0]LogConfig: Setting CVar [[r.LightFunctionQuality:1]]
[2022.02.10-15.07.14:372][  0]LogConfig: Setting CVar [[r.ShadowQuality:5]]
[2022.02.10-15.07.14:372][  0]LogConfig: Setting CVar [[r.Shadow.CSM.MaxCascades:10]]
[2022.02.10-15.07.14:372][  0]LogConfig: Setting CVar [[r.Shadow.MaxResolution:2048]]
[2022.02.10-15.07.14:372][  0]LogConfig: Setting CVar [[r.Shadow.MaxCSMResolution:2048]]
[2022.02.10-15.07.14:372][  0]LogConfig: Setting CVar [[r.Shadow.RadiusThreshold:0.01]]
[2022.02.10-15.07.14:372][  0]LogConfig: Setting CVar [[r.Shadow.DistanceScale:1.0]]
[2022.02.10-15.07.14:372][  0]LogConfig: Setting CVar [[r.Shadow.CSM.TransitionScale:1.0]]
[2022.02.10-15.07.14:372][  0]LogConfig: Setting CVar [[r.Shadow.PreShadowResolutionFactor:1.0]]
[2022.02.10-15.07.14:372][  0]LogConfig: Setting CVar [[r.DistanceFieldShadowing:1]]
[2022.02.10-15.07.14:372][  0]LogConfig: Setting CVar [[r.DistanceFieldAO:1]]
[2022.02.10-15.07.14:372][  0]LogConfig: Setting CVar [[r.AOQuality:2]]
[2022.02.10-15.07.14:372][  0]LogConfig: Setting CVar [[r.VolumetricFog:1]]
[2022.02.10-15.07.14:372][  0]LogConfig: Setting CVar [[r.VolumetricFog.GridPixelSize:8]]
[2022.02.10-15.07.14:372][  0]LogConfig: Setting CVar [[r.VolumetricFog.GridSizeZ:128]]
[2022.02.10-15.07.14:372][  0]LogConfig: Setting CVar [[r.VolumetricFog.HistoryMissSupersampleCount:4]]
[2022.02.10-15.07.14:372][  0]LogConfig: Setting CVar [[r.LightMaxDrawDistanceScale:1]]
[2022.02.10-15.07.14:372][  0]LogConfig: Setting CVar [[r.CapsuleShadows:1]]
[2022.02.10-15.07.14:372][  0]LogConfig: Applying CVar settings from Section [PostProcessQuality@3] File [C:/Users/Maximo/Documents/GitHub/TheBoiler/TheBoiler/Saved/Config/Windows/Scalability.ini]
[2022.02.10-15.07.14:372][  0]LogConfig: Setting CVar [[r.MotionBlurQuality:4]]
[2022.02.10-15.07.14:372][  0]LogConfig: Setting CVar [[r.AmbientOcclusionMipLevelFactor:0.4]]
[2022.02.10-15.07.14:372][  0]LogConfig: Setting CVar [[r.AmbientOcclusionMaxQuality:100]]
[2022.02.10-15.07.14:372][  0]LogConfig: Setting CVar [[r.AmbientOcclusionLevels:-1]]
[2022.02.10-15.07.14:372][  0]LogConfig: Setting CVar [[r.AmbientOcclusionRadiusScale:1.0]]
[2022.02.10-15.07.14:372][  0]LogConfig: Setting CVar [[r.DepthOfFieldQuality:2]]
[2022.02.10-15.07.14:372][  0]LogConfig: Setting CVar [[r.RenderTargetPoolMin:400]]
[2022.02.10-15.07.14:372][  0]LogConfig: Setting CVar [[r.LensFlareQuality:2]]
[2022.02.10-15.07.14:372][  0]LogConfig: Setting CVar [[r.SceneColorFringeQuality:1]]
[2022.02.10-15.07.14:372][  0]LogConfig: Setting CVar [[r.EyeAdaptationQuality:2]]
[2022.02.10-15.07.14:372][  0]LogConfig: Setting CVar [[r.BloomQuality:5]]
[2022.02.10-15.07.14:372][  0]LogConfig: Setting CVar [[r.FastBlurThreshold:100]]
[2022.02.10-15.07.14:372][  0]LogConfig: Setting CVar [[r.Upscale.Quality:3]]
[2022.02.10-15.07.14:372][  0]LogConfig: Setting CVar [[r.Tonemapper.GrainQuantization:1]]
[2022.02.10-15.07.14:372][  0]LogConfig: Setting CVar [[r.LightShaftQuality:1]]
[2022.02.10-15.07.14:372][  0]LogConfig: Setting CVar [[r.Filter.SizeScale:1]]
[2022.02.10-15.07.14:372][  0]LogConfig: Setting CVar [[r.Tonemapper.Quality:5]]
[2022.02.10-15.07.14:372][  0]LogConfig: Setting CVar [[r.DOF.Gather.AccumulatorQuality:1        ; higher gathering accumulator quality]]
[2022.02.10-15.07.14:372][  0]LogConfig: Setting CVar [[r.DOF.Gather.PostfilterMethod:1          ; Median3x3 postfilering method]]
[2022.02.10-15.07.14:372][  0]LogConfig: Setting CVar [[r.DOF.Gather.EnableBokehSettings:0       ; no bokeh simulation when gathering]]
[2022.02.10-15.07.14:372][  0]LogConfig: Setting CVar [[r.DOF.Gather.RingCount:4                 ; medium number of samples when gathering]]
[2022.02.10-15.07.14:372][  0]LogConfig: Setting CVar [[r.DOF.Scatter.ForegroundCompositing:1    ; additive foreground scattering]]
[2022.02.10-15.07.14:372][  0]LogConfig: Setting CVar [[r.DOF.Scatter.BackgroundCompositing:2    ; additive background scattering]]
[2022.02.10-15.07.14:372][  0]LogConfig: Setting CVar [[r.DOF.Scatter.EnableBokehSettings:1      ; bokeh simulation when scattering]]
[2022.02.10-15.07.14:372][  0]LogConfig: Setting CVar [[r.DOF.Scatter.MaxSpriteRatio:0.1         ; only a maximum of 10% of scattered bokeh]]
[2022.02.10-15.07.14:372][  0]LogConfig: Setting CVar [[r.DOF.Recombine.Quality:1                ; cheap slight out of focus]]
[2022.02.10-15.07.14:372][  0]LogConfig: Setting CVar [[r.DOF.Recombine.EnableBokehSettings:0    ; no bokeh simulation on slight out of focus]]
[2022.02.10-15.07.14:372][  0]LogConfig: Setting CVar [[r.DOF.TemporalAAQuality:1                ; more stable temporal accumulation]]
[2022.02.10-15.07.14:372][  0]LogConfig: Setting CVar [[r.DOF.Kernel.MaxForegroundRadius:0.025]]
[2022.02.10-15.07.14:372][  0]LogConfig: Setting CVar [[r.DOF.Kernel.MaxBackgroundRadius:0.025]]
[2022.02.10-15.07.14:372][  0]LogConfig: Applying CVar settings from Section [TextureQuality@3] File [C:/Users/Maximo/Documents/GitHub/TheBoiler/TheBoiler/Saved/Config/Windows/Scalability.ini]
[2022.02.10-15.07.14:372][  0]LogConfig: Setting CVar [[r.Streaming.MipBias:0]]
[2022.02.10-15.07.14:372][  0]LogConfig: Setting CVar [[r.Streaming.AmortizeCPUToGPUCopy:0]]
[2022.02.10-15.07.14:372][  0]LogConfig: Setting CVar [[r.Streaming.MaxNumTexturesToStreamPerFrame:0]]
[2022.02.10-15.07.14:372][  0]LogConfig: Setting CVar [[r.Streaming.Boost:1]]
[2022.02.10-15.07.14:372][  0]LogConfig: Setting CVar [[r.MaxAnisotropy:8]]
[2022.02.10-15.07.14:372][  0]LogConfig: Setting CVar [[r.VT.MaxAnisotropy:8]]
[2022.02.10-15.07.14:372][  0]LogConfig: Setting CVar [[r.Streaming.LimitPoolSizeToVRAM:0]]
[2022.02.10-15.07.14:372][  0]LogConfig: Setting CVar [[r.Streaming.PoolSize:1000]]
[2022.02.10-15.07.14:372][  0]LogConfig: Setting CVar [[r.Streaming.MaxEffectiveScreenSize:0]]
[2022.02.10-15.07.14:372][  0]LogConfig: Applying CVar settings from Section [EffectsQuality@3] File [C:/Users/Maximo/Documents/GitHub/TheBoiler/TheBoiler/Saved/Config/Windows/Scalability.ini]
[2022.02.10-15.07.14:372][  0]LogConfig: Setting CVar [[r.TranslucencyLightingVolumeDim:64]]
[2022.02.10-15.07.14:372][  0]LogConfig: Setting CVar [[r.RefractionQuality:2]]
[2022.02.10-15.07.14:372][  0]LogConfig: Setting CVar [[r.SSR.Quality:3]]
[2022.02.10-15.07.14:372][  0]LogConfig: Setting CVar [[r.SSR.HalfResSceneColor:0]]
[2022.02.10-15.07.14:372][  0]LogConfig: Setting CVar [[r.SceneColorFormat:4]]
[2022.02.10-15.07.14:372][  0]LogConfig: Setting CVar [[r.DetailMode:2]]
[2022.02.10-15.07.14:372][  0]LogConfig: Setting CVar [[r.TranslucencyVolumeBlur:1]]
[2022.02.10-15.07.14:372][  0]LogConfig: Setting CVar [[r.MaterialQualityLevel:1 ; High quality]]
[2022.02.10-15.07.14:372][  0]LogConfig: Setting CVar [[r.AnisotropicMaterials:1]]
[2022.02.10-15.07.14:372][  0]LogConfig: Setting CVar [[r.SSS.Scale:1]]
[2022.02.10-15.07.14:373][  0]LogConfig: Setting CVar [[r.SSS.SampleSet:2]]
[2022.02.10-15.07.14:373][  0]LogConfig: Setting CVar [[r.SSS.Quality:1]]
[2022.02.10-15.07.14:373][  0]LogConfig: Setting CVar [[r.SSS.HalfRes:0]]
[2022.02.10-15.07.14:373][  0]LogConfig: Setting CVar [[r.SSGI.Quality:3]]
[2022.02.10-15.07.14:373][  0]LogConfig: Setting CVar [[r.EmitterSpawnRateScale:1.0]]
[2022.02.10-15.07.14:373][  0]LogConfig: Setting CVar [[r.ParticleLightQuality:2]]
[2022.02.10-15.07.14:373][  0]LogConfig: Setting CVar [[r.SkyAtmosphere.AerialPerspectiveLUT.FastApplyOnOpaque:1 ; Always have FastSkyLUT 1 in this case to avoid wrong sky]]
[2022.02.10-15.07.14:373][  0]LogConfig: Setting CVar [[r.SkyAtmosphere.AerialPerspectiveLUT.SampleCountMaxPerSlice:4]]
[2022.02.10-15.07.14:373][  0]LogConfig: Setting CVar [[r.SkyAtmosphere.AerialPerspectiveLUT.DepthResolution:16.0]]
[2022.02.10-15.07.14:373][  0]LogConfig: Setting CVar [[r.SkyAtmosphere.FastSkyLUT:1]]
[2022.02.10-15.07.14:373][  0]LogConfig: Setting CVar [[r.SkyAtmosphere.FastSkyLUT.SampleCountMin:4.0]]
[2022.02.10-15.07.14:373][  0]LogConfig: Setting CVar [[r.SkyAtmosphere.FastSkyLUT.SampleCountMax:128.0]]
[2022.02.10-15.07.14:373][  0]LogConfig: Setting CVar [[r.SkyAtmosphere.SampleCountMin:4.0]]
[2022.02.10-15.07.14:373][  0]LogConfig: Setting CVar [[r.SkyAtmosphere.SampleCountMax:128.0]]
[2022.02.10-15.07.14:373][  0]LogConfig: Setting CVar [[r.SkyAtmosphere.TransmittanceLUT.UseSmallFormat:0]]
[2022.02.10-15.07.14:373][  0]LogConfig: Setting CVar [[r.SkyAtmosphere.TransmittanceLUT.SampleCount:10.0]]
[2022.02.10-15.07.14:373][  0]LogConfig: Setting CVar [[r.SkyAtmosphere.MultiScatteringLUT.SampleCount:15.0]]
[2022.02.10-15.07.14:373][  0]LogConfig: Setting CVar [[r.SkyLight.RealTimeReflectionCapture:1]]
[2022.02.10-15.07.14:373][  0]LogConfig: Applying CVar settings from Section [FoliageQuality@3] File [C:/Users/Maximo/Documents/GitHub/TheBoiler/TheBoiler/Saved/Config/Windows/Scalability.ini]
[2022.02.10-15.07.14:373][  0]LogConfig: Setting CVar [[foliage.DensityScale:1.0]]
[2022.02.10-15.07.14:373][  0]LogConfig: Setting CVar [[grass.DensityScale:1.0]]
[2022.02.10-15.07.14:373][  0]LogConfig: Applying CVar settings from Section [ShadingQuality@3] File [C:/Users/Maximo/Documents/GitHub/TheBoiler/TheBoiler/Saved/Config/Windows/Scalability.ini]
[2022.02.10-15.07.14:373][  0]LogConfig: Setting CVar [[r.HairStrands.SkyLighting.IntegrationType:2]]
[2022.02.10-15.07.14:373][  0]LogConfig: Setting CVar [[r.HairStrands.SkyAO.SampleCount:4]]
[2022.02.10-15.07.14:373][  0]LogConfig: Setting CVar [[r.HairStrands.Visibility.MSAA.SamplePerPixel:4]]
[2022.02.10-15.07.14:373][  0]LogConfig: Applying CVar settings from Section [Startup] File [../../../Engine/Config/ConsoleVariables.ini]
[2022.02.10-15.07.14:373][  0]LogConfig: Setting CVar [[net.UseAdaptiveNetUpdateFrequency:0]]
[2022.02.10-15.07.14:373][  0]LogConfig: Setting CVar [[p.chaos.AllowCreatePhysxBodies:1]]
[2022.02.10-15.07.14:373][  0]LogConfig: Setting CVar [[fx.SkipVectorVMBackendOptimizations:1]]
[2022.02.10-15.07.14:373][  0]LogConfig: Applying CVar settings from Section [ConsoleVariables] File [C:/Users/Maximo/Documents/GitHub/TheBoiler/TheBoiler/Saved/Config/Windows/Engine.ini]
[2022.02.10-15.07.14:373][  0]LogConfig: Applying CVar settings from Section [ConsoleVariables] File [C:/Users/Maximo/Documents/GitHub/TheBoiler/TheBoiler/Saved/Config/Windows/Editor.ini]
[2022.02.10-15.07.14:373][  0]LogInit: Computer: DESKTOP-V1PNENV
[2022.02.10-15.07.14:373][  0]LogInit: User: Maximo
[2022.02.10-15.07.14:373][  0]LogInit: CPU Page size=4096, Cores=6
[2022.02.10-15.07.14:373][  0]LogInit: High frequency timer resolution =10.000000 MHz
[2022.02.10-15.07.14:373][  0]LogMemory: Memory total: Physical=15.8GB (16GB approx)
[2022.02.10-15.07.14:374][  0]LogMemory: Platform Memory Stats for Windows
[2022.02.10-15.07.14:374][  0]LogMemory: Process Physical Memory: 144.12 MB used, 144.12 MB peak
[2022.02.10-15.07.14:374][  0]LogMemory: Process Virtual Memory: 131.38 MB used, 131.38 MB peak
[2022.02.10-15.07.14:374][  0]LogMemory: Physical Memory: 10613.95 MB used,  5607.10 MB free, 16221.05 MB total
[2022.02.10-15.07.14:374][  0]LogMemory: Virtual Memory: 134214704.00 MB used,  3019.98 MB free, 134217728.00 MB total
[2022.02.10-15.07.14:378][  0]LogWindows: WindowsPlatformFeatures enabled
[2022.02.10-15.07.14:423][  0]LogInit: Physics initialised using underlying interface: PhysX
[2022.02.10-15.07.14:424][  0]LogInit: Using OS detected language (en-US).
[2022.02.10-15.07.14:424][  0]LogInit: Using OS detected locale (en-US).
[2022.02.10-15.07.14:427][  0]LogTextLocalizationManager: No specific localization for 'en-US' exists, so the 'en' localization will be used.
[2022.02.10-15.07.14:661][  0]LogWindowsTextInputMethodSystem: Display: IME system deactivated.
[2022.02.10-15.07.14:700][  0]LogSlate: New Slate User Created.  User Index 0, Is Virtual User: 0
[2022.02.10-15.07.14:700][  0]LogSlate: Slate User Registered.  User Index 0, Is Virtual User: 0
[2022.02.10-15.07.14:724][  0]LogD3D11RHI: Loaded GFSDK_Aftermath_Lib.x64.dll
[2022.02.10-15.07.14:727][  0]LogHMD: Failed to enumerate extensions. Please check that you have a valid OpenXR runtime installed.
[2022.02.10-15.07.14:727][  0]LogD3D11RHI: D3D11 min allowed feature level: 11_0
[2022.02.10-15.07.14:727][  0]LogD3D11RHI: D3D11 max allowed feature level: 11_0
[2022.02.10-15.07.14:727][  0]LogD3D11RHI: D3D11 adapters:
[2022.02.10-15.07.14:849][  0]LogD3D11RHI:    0. 'NVIDIA GeForce RTX 2060' (Feature Level 11_0)
[2022.02.10-15.07.14:849][  0]LogD3D11RHI:       5980/0/8110 MB DedicatedVideo/DedicatedSystem/SharedSystem, Outputs:1, VendorId:0x10de
[2022.02.10-15.07.14:873][  0]LogD3D11RHI:    1. 'Intel(R) UHD Graphics 630' (Feature Level 11_0)
[2022.02.10-15.07.14:873][  0]LogD3D11RHI:       128/0/8110 MB DedicatedVideo/DedicatedSystem/SharedSystem, Outputs:1, VendorId:0x8086
[2022.02.10-15.07.14:875][  0]LogD3D11RHI:    2. 'Microsoft Basic Render Driver' (Feature Level 11_0)
[2022.02.10-15.07.14:875][  0]LogD3D11RHI:       0/0/8110 MB DedicatedVideo/DedicatedSystem/SharedSystem, Outputs:0, VendorId:0x1414
[2022.02.10-15.07.14:875][  0]LogD3D11RHI: Chosen D3D11 Adapter:
[2022.02.10-15.07.14:876][  0]LogD3D11RHI:     Description : NVIDIA GeForce RTX 2060
[2022.02.10-15.07.14:876][  0]LogD3D11RHI:     VendorId    : 10de
[2022.02.10-15.07.14:876][  0]LogD3D11RHI:     DeviceId    : 1f15
[2022.02.10-15.07.14:876][  0]LogD3D11RHI:     SubSysId    : 13321025
[2022.02.10-15.07.14:876][  0]LogD3D11RHI:     Revision    : 00a1
[2022.02.10-15.07.14:876][  0]LogD3D11RHI:     DedicatedVideoMemory : 6270484480 bytes
[2022.02.10-15.07.14:876][  0]LogD3D11RHI:     DedicatedSystemMemory : 0 bytes
[2022.02.10-15.07.14:876][  0]LogD3D11RHI:     SharedSystemMemory : 8504502272 bytes
[2022.02.10-15.07.14:876][  0]LogD3D11RHI:     AdapterLuid : 0 73723
[2022.02.10-15.07.14:884][  0]LogD3D11RHI: Creating new Direct3DDevice
[2022.02.10-15.07.14:884][  0]LogD3D11RHI:     GPU DeviceId: 0x1f15 (for the marketing name, search the web for "GPU Device Id")
[2022.02.10-15.07.14:884][  0]LogWindows: EnumDisplayDevices:
[2022.02.10-15.07.14:884][  0]LogWindows:    0. 'Intel(R) UHD Graphics 630' (P:0 D:1)
[2022.02.10-15.07.14:884][  0]LogWindows:    1. 'Intel(R) UHD Graphics 630' (P:0 D:0)
[2022.02.10-15.07.14:884][  0]LogWindows:    2. 'Intel(R) UHD Graphics 630' (P:0 D:0)
[2022.02.10-15.07.14:885][  0]LogWindows:    3. 'NVIDIA GeForce RTX 2060' (P:1 D:1)
[2022.02.10-15.07.14:885][  0]LogWindows: DebugString: PrimaryIsNotTheChoosenAdapter PrimaryIsNotTheChoosenAdapter PrimaryIsNotTheChoosenAdapter 
[2022.02.10-15.07.14:885][  0]LogD3D11RHI:     Adapter Name: NVIDIA GeForce RTX 2060
[2022.02.10-15.07.14:885][  0]LogD3D11RHI:   Driver Version: 511.23 (internal:30.0.15.1123, unified:511.23)
[2022.02.10-15.07.14:885][  0]LogD3D11RHI:      Driver Date: 1-10-2022
[2022.02.10-15.07.14:885][  0]LogRHI: Texture pool is 4186 MB (70% of 5980 MB)
[2022.02.10-15.07.14:885][  0]LogD3D11RHI: Creating D3DDevice using adapter:
[2022.02.10-15.07.14:885][  0]LogD3D11RHI:     Description : NVIDIA GeForce RTX 2060
[2022.02.10-15.07.14:885][  0]LogD3D11RHI:     VendorId    : 10de
[2022.02.10-15.07.14:885][  0]LogD3D11RHI:     DeviceId    : 1f15
[2022.02.10-15.07.14:885][  0]LogD3D11RHI:     SubSysId    : 13321025
[2022.02.10-15.07.14:885][  0]LogD3D11RHI:     Revision    : 00a1
[2022.02.10-15.07.14:885][  0]LogD3D11RHI:     DedicatedVideoMemory : 6270484480 bytes
[2022.02.10-15.07.14:885][  0]LogD3D11RHI:     DedicatedSystemMemory : 0 bytes
[2022.02.10-15.07.14:885][  0]LogD3D11RHI:     SharedSystemMemory : 8504502272 bytes
[2022.02.10-15.07.14:885][  0]LogD3D11RHI:     AdapterLuid : 0 73723
[2022.02.10-15.07.14:965][  0]LogD3D11RHI: RHI has support for 64 bit atomics
[2022.02.10-15.07.14:965][  0]LogD3D11RHI: Async texture creation enabled
[2022.02.10-15.07.14:965][  0]LogD3D11RHI: Array index from any shader is supported
[2022.02.10-15.07.14:980][  0]LogD3D11RHI: GPU Timing Frequency: 1000.000000 (Debug: 2 1)
[2022.02.10-15.07.15:024][  0]LogRHI: GeForceNow SDK initialized: 1
[2022.02.10-15.07.15:342][  0]LogTargetPlatformManager: Display: Loaded TargetPlatform 'WindowsNoEditor'
[2022.02.10-15.07.15:346][  0]LogTargetPlatformManager: Display: Loaded TargetPlatform 'Windows'
[2022.02.10-15.07.15:351][  0]LogTargetPlatformManager: Display: Loaded TargetPlatform 'WindowsClient'
[2022.02.10-15.07.15:355][  0]LogTargetPlatformManager: Display: Loaded TargetPlatform 'WindowsServer'
[2022.02.10-15.07.15:355][  0]LogTargetPlatformManager: Display: Building Assets For Windows
[2022.02.10-15.07.15:361][  0]LogAudioDebug: Display: Lib vorbis DLL was dynamically loaded.
[2022.02.10-15.07.15:390][  0]LogTextureFormatOodle: Display: Oodle Texture 2.9.0 init RDO Off
[2022.02.10-15.07.15:417][  0]LogRendererCore: Ray tracing is disabled. Reason: r.RayTracing=0.
[2022.02.10-15.07.15:417][  0]LogShaderCompilers: Guid format shader working directory is -18 characters bigger than the processId version (../../../../../Users/Maximo/Documents/GitHub/TheBoiler/TheBoiler/Intermediate/Shaders/WorkingDirectory/21180/).
[2022.02.10-15.07.15:417][  0]LogShaderCompilers: Cleaned the shader compiler working directory 'C:/Users/Maximo/AppData/Local/Temp/UnrealShaderWorkingDir/FFD4BBC64C68CDC99897718908AFDA21/'.
[2022.02.10-15.07.15:417][  0]LogXGEController: Cannot use XGE Controller as Incredibuild is not installed on this machine.
[2022.02.10-15.07.15:417][  0]LogShaderCompilers: Cannot use XGE Shader Compiler as Incredibuild is not installed on this machine.
[2022.02.10-15.07.15:417][  0]LogShaderCompilers: Display: Using Local Shader Compiler.
[2022.02.10-15.07.16:220][  0]LogDerivedDataCache: Display: Max Cache Size: 512 MB
[2022.02.10-15.07.16:307][  0]LogDerivedDataCache: Loaded boot cache 0.09s 122MB C:/Users/Maximo/AppData/Local/UnrealEngine/4.27/DerivedDataCache/Boot.ddc.
[2022.02.10-15.07.16:307][  0]LogDerivedDataCache: Display: Loaded Boot cache: C:/Users/Maximo/AppData/Local/UnrealEngine/4.27/DerivedDataCache/Boot.ddc
[2022.02.10-15.07.16:307][  0]LogDerivedDataCache: FDerivedDataBackendGraph:  Pak pak cache file ../../../../../Users/Maximo/Documents/GitHub/TheBoiler/TheBoiler/DerivedDataCache/DDC.ddp not found, will not use a pak cache.
[2022.02.10-15.07.16:307][  0]LogDerivedDataCache: Unable to find inner node Pak for hierarchical cache Hierarchy.
[2022.02.10-15.07.16:307][  0]LogDerivedDataCache: FDerivedDataBackendGraph:  CompressedPak pak cache file ../../../../../Users/Maximo/Documents/GitHub/TheBoiler/TheBoiler/DerivedDataCache/Compressed.ddp not found, will not use a pak cache.
[2022.02.10-15.07.16:307][  0]LogDerivedDataCache: Unable to find inner node CompressedPak for hierarchical cache Hierarchy.
[2022.02.10-15.07.16:326][  0]LogDerivedDataCache: Display: Pak cache opened for reading ../../../Engine/DerivedDataCache/Compressed.ddp.
[2022.02.10-15.07.16:326][  0]LogDerivedDataCache: FDerivedDataBackendGraph:  EnterprisePak pak cache file ../../../Enterprise/DerivedDataCache/Compressed.ddp not found, will not use a pak cache.
[2022.02.10-15.07.16:326][  0]LogDerivedDataCache: Unable to find inner node EnterprisePak for hierarchical cache Hierarchy.
[2022.02.10-15.07.16:336][  0]LogDerivedDataCache: Speed tests for C:/Users/Maximo/AppData/Local/UnrealEngine/Common/DerivedDataCache took 0.01 seconds
[2022.02.10-15.07.16:336][  0]LogDerivedDataCache: Display: Performance to C:/Users/Maximo/AppData/Local/UnrealEngine/Common/DerivedDataCache: Latency=0.03ms. RandomReadSpeed=1153.46MBs, RandomWriteSpeed=117.08MBs. Assigned SpeedClass 'Local'
[2022.02.10-15.07.16:338][  0]LogDerivedDataCache: Using Local data cache path C:/Users/Maximo/AppData/Local/UnrealEngine/Common/DerivedDataCache: Writable
[2022.02.10-15.07.16:338][  0]LogDerivedDataCache: Shared data cache path not found in *engine.ini, will not use an Shared cache.
[2022.02.10-15.07.16:338][  0]LogDerivedDataCache: Unable to find inner node Shared for hierarchical cache Hierarchy.
[2022.02.10-15.07.16:810][  0]LogShaderCompilers: Display: Submitted 688 shader compile jobs with 'High' priority
[2022.02.10-15.07.16:812][  0]LogSlate: Using FreeType 2.10.0
[2022.02.10-15.07.16:813][  0]LogSlate: SlateFontServices - WITH_FREETYPE: 1, WITH_HARFBUZZ: 1
[2022.02.10-15.07.16:813][  0]LogHMD: Failed to enumerate extensions. Please check that you have a valid OpenXR runtime installed.
[2022.02.10-15.07.17:395][  0]LogShaderCompilers: Display: Worker (1/9): shaders left to compile 688
[2022.02.10-15.07.17:395][  0]LogShaderCompilers: Display: Worker (2/9): shaders left to compile 678
[2022.02.10-15.07.17:395][  0]LogShaderCompilers: Display: Worker (3/9): shaders left to compile 668
[2022.02.10-15.07.17:395][  0]LogShaderCompilers: Display: Worker (4/9): shaders left to compile 658
[2022.02.10-15.07.17:395][  0]LogShaderCompilers: Display: Worker (5/9): shaders left to compile 648
[2022.02.10-15.07.17:395][  0]LogShaderCompilers: Display: Worker (6/9): shaders left to compile 638
[2022.02.10-15.07.17:395][  0]LogShaderCompilers: Display: Worker (7/9): shaders left to compile 628
[2022.02.10-15.07.17:395][  0]LogShaderCompilers: Display: Worker (8/9): shaders left to compile 618
[2022.02.10-15.07.17:395][  0]LogShaderCompilers: Display: Worker (9/9): shaders left to compile 608
[2022.02.10-15.07.17:395][  0]LogShaderCompilers: Display: Started 90 'Local' shader compile jobs with 'High' priority
[2022.02.10-15.07.18:510][  0]LogShaderCompilers: Display: Worker (3/9): shaders left to compile 598
[2022.02.10-15.07.18:510][  0]LogShaderCompilers: Display: Started 10 'Local' shader compile jobs with 'High' priority
[2022.02.10-15.07.18:510][  0]LogShaderCompilers: Display: Worker (2/9): shaders left to compile 588
[2022.02.10-15.07.18:510][  0]LogShaderCompilers: Display: Worker (4/9): shaders left to compile 578
[2022.02.10-15.07.18:510][  0]LogShaderCompilers: Display: Started 20 'Local' shader compile jobs with 'High' priority
[2022.02.10-15.07.18:510][  0]LogShaderCompilers: Display: Worker (1/9): shaders left to compile 568
[2022.02.10-15.07.18:510][  0]LogShaderCompilers: Display: Worker (8/9): shaders left to compile 558
[2022.02.10-15.07.18:510][  0]LogShaderCompilers: Display: Started 20 'Local' shader compile jobs with 'High' priority
[2022.02.10-15.07.18:510][  0]LogShaderCompilers: Display: Worker (9/9): shaders left to compile 548
[2022.02.10-15.07.18:510][  0]LogShaderCompilers: Display: Started 10 'Local' shader compile jobs with 'High' priority
[2022.02.10-15.07.18:510][  0]LogShaderCompilers: Display: Worker (5/9): shaders left to compile 538
[2022.02.10-15.07.18:510][  0]LogShaderCompilers: Display: Started 10 'Local' shader compile jobs with 'High' priority
[2022.02.10-15.07.18:510][  0]LogShaderCompilers: Display: Worker (6/9): shaders left to compile 528
[2022.02.10-15.07.18:510][  0]LogShaderCompilers: Display: Started 10 'Local' shader compile jobs with 'High' priority
[2022.02.10-15.07.19:067][  0]LogShaderCompilers: Display: Worker (7/9): shaders left to compile 518
[2022.02.10-15.07.19:067][  0]LogShaderCompilers: Display: Started 10 'Local' shader compile jobs with 'High' priority
[2022.02.10-15.07.19:623][  0]LogShaderCompilers: Display: Worker (3/9): shaders left to compile 508
[2022.02.10-15.07.19:623][  0]LogShaderCompilers: Display: Started 10 'Local' shader compile jobs with 'High' priority
[2022.02.10-15.07.19:623][  0]LogShaderCompilers: Display: Worker (2/9): shaders left to compile 498
[2022.02.10-15.07.19:623][  0]LogShaderCompilers: Display: Started 10 'Local' shader compile jobs with 'High' priority
[2022.02.10-15.07.19:623][  0]LogShaderCompilers: Display: Worker (8/9): shaders left to compile 488
[2022.02.10-15.07.19:623][  0]LogShaderCompilers: Display: Started 10 'Local' shader compile jobs with 'High' priority
[2022.02.10-15.07.19:623][  0]LogShaderCompilers: Display: Worker (1/9): shaders left to compile 478
[2022.02.10-15.07.19:623][  0]LogShaderCompilers: Display: Started 10 'Local' shader compile jobs with 'High' priority
[2022.02.10-15.07.20:182][  0]LogShaderCompilers: Display: Worker (4/9): shaders left to compile 468
[2022.02.10-15.07.20:182][  0]LogShaderCompilers: Display: Started 10 'Local' shader compile jobs with 'High' priority
[2022.02.10-15.07.20:182][  0]LogShaderCompilers: Display: Worker (9/9): shaders left to compile 458
[2022.02.10-15.07.20:182][  0]LogShaderCompilers: Display: Started 10 'Local' shader compile jobs with 'High' priority
[2022.02.10-15.07.20:741][  0]LogShaderCompilers: Display: Worker (7/9): shaders left to compile 448
[2022.02.10-15.07.20:741][  0]LogShaderCompilers: Display: Started 10 'Local' shader compile jobs with 'High' priority
[2022.02.10-15.07.21:298][  0]LogShaderCompilers: Display: Worker (5/9): shaders left to compile 438
[2022.02.10-15.07.21:298][  0]LogShaderCompilers: Display: Started 10 'Local' shader compile jobs with 'High' priority
[2022.02.10-15.07.21:298][  0]LogShaderCompilers: Display: Worker (2/9): shaders left to compile 428
[2022.02.10-15.07.21:298][  0]LogShaderCompilers: Display: Started 10 'Local' shader compile jobs with 'High' priority
[2022.02.10-15.07.21:853][  0]LogShaderCompilers: Display: Worker (4/9): shaders left to compile 418
[2022.02.10-15.07.21:853][  0]LogShaderCompilers: Display: Started 10 'Local' shader compile jobs with 'High' priority
[2022.02.10-15.07.21:853][  0]LogShaderCompilers: Display: Worker (1/9): shaders left to compile 408
[2022.02.10-15.07.21:853][  0]LogShaderCompilers: Display: Worker (8/9): shaders left to compile 398
[2022.02.10-15.07.21:853][  0]LogShaderCompilers: Display: Started 20 'Local' shader compile jobs with 'High' priority
[2022.02.10-15.07.21:853][  0]LogShaderCompilers: Display: Worker (3/9): shaders left to compile 388
[2022.02.10-15.07.21:853][  0]LogShaderCompilers: Display: Started 10 'Local' shader compile jobs with 'High' priority
[2022.02.10-15.07.21:853][  0]LogShaderCompilers: Display: Worker (9/9): shaders left to compile 378
[2022.02.10-15.07.21:853][  0]LogShaderCompilers: Display: Started 10 'Local' shader compile jobs with 'High' priority
[2022.02.10-15.07.23:520][  0]LogShaderCompilers: Display: Worker (4/9): shaders left to compile 368
[2022.02.10-15.07.23:520][  0]LogShaderCompilers: Display: Started 10 'Local' shader compile jobs with 'High' priority
[2022.02.10-15.07.24:077][  0]LogShaderCompilers: Display: Worker (2/9): shaders left to compile 358
[2022.02.10-15.07.24:077][  0]LogShaderCompilers: Display: Started 10 'Local' shader compile jobs with 'High' priority
[2022.02.10-15.07.24:077][  0]LogShaderCompilers: Display: Worker (9/9): shaders left to compile 348
[2022.02.10-15.07.24:077][  0]LogShaderCompilers: Display: Started 10 'Local' shader compile jobs with 'High' priority
[2022.02.10-15.07.24:077][  0]LogShaderCompilers: Display: Worker (1/9): shaders left to compile 338
[2022.02.10-15.07.24:077][  0]LogShaderCompilers: Display: Worker (6/9): shaders left to compile 328
[2022.02.10-15.07.24:077][  0]LogShaderCompilers: Display: Started 20 'Local' shader compile jobs with 'High' priority
[2022.02.10-15.07.24:077][  0]LogShaderCompilers: Display: Worker (3/9): shaders left to compile 318
[2022.02.10-15.07.24:077][  0]LogShaderCompilers: Display: Started 10 'Local' shader compile jobs with 'High' priority
[2022.02.10-15.07.24:077][  0]LogShaderCompilers: Display: Worker (5/9): shaders left to compile 308
[2022.02.10-15.07.24:077][  0]LogShaderCompilers: Display: Started 10 'Local' shader compile jobs with 'High' priority
[2022.02.10-15.07.24:634][  0]LogShaderCompilers: Display: Worker (8/9): shaders left to compile 298
[2022.02.10-15.07.24:634][  0]LogShaderCompilers: Display: Started 10 'Local' shader compile jobs with 'High' priority
[2022.02.10-15.07.25:189][  0]LogShaderCompilers: Display: Worker (7/9): shaders left to compile 288
[2022.02.10-15.07.25:189][  0]LogShaderCompilers: Display: Started 10 'Local' shader compile jobs with 'High' priority
[2022.02.10-15.07.25:747][  0]LogShaderCompilers: Display: Worker (3/9): shaders left to compile 278
[2022.02.10-15.07.25:747][  0]LogShaderCompilers: Display: Worker (4/9): shaders left to compile 268
[2022.02.10-15.07.25:747][  0]LogShaderCompilers: Display: Worker (6/9): shaders left to compile 258
[2022.02.10-15.07.25:747][  0]LogShaderCompilers: Display: Started 30 'Local' shader compile jobs with 'High' priority
[2022.02.10-15.07.25:747][  0]LogShaderCompilers: Display: Worker (1/9): shaders left to compile 248
[2022.02.10-15.07.25:747][  0]LogShaderCompilers: Display: Started 10 'Local' shader compile jobs with 'High' priority
[2022.02.10-15.07.25:747][  0]LogShaderCompilers: Display: Worker (5/9): shaders left to compile 238
[2022.02.10-15.07.25:747][  0]LogShaderCompilers: Display: Started 10 'Local' shader compile jobs with 'High' priority
[2022.02.10-15.07.26:307][  0]LogShaderCompilers: Display: Worker (9/9): shaders left to compile 228
[2022.02.10-15.07.26:307][  0]LogShaderCompilers: Display: Started 10 'Local' shader compile jobs with 'High' priority
[2022.02.10-15.07.26:307][  0]LogShaderCompilers: Display: Worker (2/9): shaders left to compile 218
[2022.02.10-15.07.26:307][  0]LogShaderCompilers: Display: Started 10 'Local' shader compile jobs with 'High' priority
[2022.02.10-15.07.27:423][  0]LogShaderCompilers: Display: Worker (8/9): shaders left to compile 208
[2022.02.10-15.07.27:423][  0]LogShaderCompilers: Display: Started 10 'Local' shader compile jobs with 'High' priority
[2022.02.10-15.07.27:979][  0]LogShaderCompilers: Display: Worker (7/9): shaders left to compile 198
[2022.02.10-15.07.27:979][  0]LogShaderCompilers: Display: Started 10 'Local' shader compile jobs with 'High' priority
[2022.02.10-15.07.27:979][  0]LogShaderCompilers: Display: Worker (4/9): shaders left to compile 188
[2022.02.10-15.07.27:979][  0]LogShaderCompilers: Display: Started 10 'Local' shader compile jobs with 'High' priority
[2022.02.10-15.07.27:979][  0]LogShaderCompilers: Display: Worker (3/9): shaders left to compile 178
[2022.02.10-15.07.27:979][  0]LogShaderCompilers: Display: Started 10 'Local' shader compile jobs with 'High' priority
[2022.02.10-15.07.31:899][  0]LogShaderCompilers: Display: Worker (6/9): shaders left to compile 168
[2022.02.10-15.07.31:899][  0]LogShaderCompilers: Display: Started 10 'Local' shader compile jobs with 'High' priority
[2022.02.10-15.07.33:013][  0]LogShaderCompilers: Display: Worker (2/9): shaders left to compile 158
[2022.02.10-15.07.33:013][  0]LogShaderCompilers: Display: Worker (9/9): shaders left to compile 148
[2022.02.10-15.07.33:013][  0]LogShaderCompilers: Display: Started 20 'Local' shader compile jobs with 'High' priority
[2022.02.10-15.07.33:013][  0]LogShaderCompilers: Display: Worker (1/9): shaders left to compile 138
[2022.02.10-15.07.33:013][  0]LogShaderCompilers: Display: Started 10 'Local' shader compile jobs with 'High' priority
[2022.02.10-15.07.33:570][  0]LogShaderCompilers: Display: Worker (7/9): shaders left to compile 128
[2022.02.10-15.07.33:570][  0]LogShaderCompilers: Display: Started 10 'Local' shader compile jobs with 'High' priority
[2022.02.10-15.07.34:686][  0]LogShaderCompilers: Display: Worker (5/9): shaders left to compile 118
[2022.02.10-15.07.34:686][  0]LogShaderCompilers: Display: Started 10 'Local' shader compile jobs with 'High' priority
[2022.02.10-15.07.35:798][  0]LogShaderCompilers: Display: Worker (3/9): shaders left to compile 108
[2022.02.10-15.07.35:798][  0]LogShaderCompilers: Display: Started 10 'Local' shader compile jobs with 'High' priority
[2022.02.10-15.07.35:798][  0]LogShaderCompilers: Display: Worker (8/9): shaders left to compile 98
[2022.02.10-15.07.35:798][  0]LogShaderCompilers: Display: Started 10 'Local' shader compile jobs with 'High' priority
[2022.02.10-15.07.36:356][  0]LogShaderCompilers: Display: Worker (4/9): shaders left to compile 88
[2022.02.10-15.07.36:356][  0]LogShaderCompilers: Display: Started 10 'Local' shader compile jobs with 'High' priority
[2022.02.10-15.07.37:469][  0]LogShaderCompilers: Display: Worker (8/9): shaders left to compile 78
[2022.02.10-15.07.37:469][  0]LogShaderCompilers: Display: Started 9 'Local' shader compile jobs with 'High' priority
[2022.02.10-15.07.39:138][  0]LogShaderCompilers: Display: Worker (9/9): shaders left to compile 69
[2022.02.10-15.07.39:138][  0]LogShaderCompilers: Display: Started 8 'Local' shader compile jobs with 'High' priority
[2022.02.10-15.07.39:695][  0]LogShaderCompilers: Display: Worker (4/9): shaders left to compile 61
[2022.02.10-15.07.39:695][  0]LogShaderCompilers: Display: Started 7 'Local' shader compile jobs with 'High' priority
[2022.02.10-15.07.39:695][  0]LogShaderCompilers: Display: Worker (6/9): shaders left to compile 54
[2022.02.10-15.07.39:695][  0]LogShaderCompilers: Display: Started 7 'Local' shader compile jobs with 'High' priority
[2022.02.10-15.07.39:695][  0]LogShaderCompilers: Display: Worker (2/9): shaders left to compile 47
[2022.02.10-15.07.39:695][  0]LogShaderCompilers: Display: Started 6 'Local' shader compile jobs with 'High' priority
[2022.02.10-15.07.40:248][  0]LogShaderCompilers: Display: Worker (9/9): shaders left to compile 41
[2022.02.10-15.07.40:248][  0]LogShaderCompilers: Display: Started 5 'Local' shader compile jobs with 'High' priority
[2022.02.10-15.07.40:804][  0]LogShaderCompilers: Display: Worker (4/9): shaders left to compile 36
[2022.02.10-15.07.40:804][  0]LogShaderCompilers: Display: Started 5 'Local' shader compile jobs with 'High' priority
[2022.02.10-15.07.40:804][  0]LogShaderCompilers: Display: Worker (2/9): shaders left to compile 31
[2022.02.10-15.07.40:804][  0]LogShaderCompilers: Display: Started 4 'Local' shader compile jobs with 'High' priority
[2022.02.10-15.07.41:362][  0]LogShaderCompilers: Display: Worker (6/9): shaders left to compile 27
[2022.02.10-15.07.41:362][  0]LogShaderCompilers: Display: Started 4 'Local' shader compile jobs with 'High' priority
[2022.02.10-15.07.41:362][  0]LogShaderCompilers: Display: Worker (9/9): shaders left to compile 23
[2022.02.10-15.07.41:362][  0]LogShaderCompilers: Display: Started 3 'Local' shader compile jobs with 'High' priority
[2022.02.10-15.07.41:918][  0]LogShaderCompilers: Display: Worker (1/9): shaders left to compile 20
[2022.02.10-15.07.41:918][  0]LogShaderCompilers: Display: Started 3 'Local' shader compile jobs with 'High' priority
[2022.02.10-15.07.41:918][  0]LogShaderCompilers: Display: Worker (2/9): shaders left to compile 17
[2022.02.10-15.07.41:918][  0]LogShaderCompilers: Display: Started 2 'Local' shader compile jobs with 'High' priority
[2022.02.10-15.07.41:918][  0]LogShaderCompilers: Display: Worker (9/9): shaders left to compile 15
[2022.02.10-15.07.41:918][  0]LogShaderCompilers: Display: Started 2 'Local' shader compile jobs with 'High' priority
[2022.02.10-15.07.41:918][  0]LogShaderCompilers: Display: Worker (4/9): shaders left to compile 13
[2022.02.10-15.07.41:918][  0]LogShaderCompilers: Display: Started 2 'Local' shader compile jobs with 'High' priority
[2022.02.10-15.07.42:475][  0]LogShaderCompilers: Display: Worker (6/9): shaders left to compile 11
[2022.02.10-15.07.42:475][  0]LogShaderCompilers: Display: Started 2 'Local' shader compile jobs with 'High' priority
[2022.02.10-15.07.42:475][  0]LogShaderCompilers: Display: Worker (2/9): shaders left to compile 9
[2022.02.10-15.07.42:475][  0]LogShaderCompilers: Display: Started 2 'Local' shader compile jobs with 'High' priority
[2022.02.10-15.07.42:475][  0]LogShaderCompilers: Display: Worker (1/9): shaders left to compile 7
[2022.02.10-15.07.42:475][  0]LogShaderCompilers: Display: Started 1 'Local' shader compile jobs with 'High' priority
[2022.02.10-15.07.42:475][  0]LogShaderCompilers: Display: Worker (7/9): shaders left to compile 6
[2022.02.10-15.07.42:475][  0]LogShaderCompilers: Display: Started 1 'Local' shader compile jobs with 'High' priority
[2022.02.10-15.07.42:475][  0]LogShaderCompilers: Display: Worker (6/9): shaders left to compile 5
[2022.02.10-15.07.42:475][  0]LogShaderCompilers: Display: Started 1 'Local' shader compile jobs with 'High' priority
[2022.02.10-15.07.42:475][  0]LogShaderCompilers: Display: Worker (9/9): shaders left to compile 4
[2022.02.10-15.07.42:475][  0]LogShaderCompilers: Display: Started 1 'Local' shader compile jobs with 'High' priority
[2022.02.10-15.07.42:475][  0]LogShaderCompilers: Display: Worker (4/9): shaders left to compile 3
[2022.02.10-15.07.42:475][  0]LogShaderCompilers: Display: Started 1 'Local' shader compile jobs with 'High' priority
[2022.02.10-15.07.43:033][  0]LogShaderCompilers: Display: Worker (1/9): shaders left to compile 2
[2022.02.10-15.07.43:033][  0]LogShaderCompilers: Display: Started 1 'Local' shader compile jobs with 'High' priority
[2022.02.10-15.07.43:033][  0]LogShaderCompilers: Display: Worker (7/9): shaders left to compile 1
[2022.02.10-15.07.43:033][  0]LogShaderCompilers: Display: Started 1 'Local' shader compile jobs with 'High' priority
[2022.02.10-15.07.49:057][  0]LogInit: Using OS detected language (en-US).
[2022.02.10-15.07.49:057][  0]LogInit: Using OS detected locale (en-US).
[2022.02.10-15.07.49:057][  0]LogTextLocalizationManager: No localization for 'en-US' exists, so 'en' will be used for the language.
[2022.02.10-15.07.49:057][  0]LogTextLocalizationManager: No localization for 'en-US' exists, so 'en' will be used for the locale.
[2022.02.10-15.07.49:058][  0]LogSlate: FontCache flush requested. Reason: Culture for localization was changed
[2022.02.10-15.07.49:058][  0]LogSlate: FontCache flush requested. Reason: Culture for localization was changed
[2022.02.10-15.07.49:063][  0]LogTextLocalizationManager: Compacting localization data took   0.01ms
[2022.02.10-15.07.49:063][  0]LogAssetRegistry: FAssetRegistry took 0.0032 seconds to start up
[2022.02.10-15.07.49:277][  0]LogPackageLocalizationCache: Processed 27 localized package path(s) for 1 prioritized culture(s) in 0.001702 seconds
[2022.02.10-15.07.49:362][  0]LogInit: Selected Device Profile: [Windows]
[2022.02.10-15.07.49:362][  0]LogInit: Active device profile: [0000029F020DE800][0000029F7CBD9AC0 49] Windows
[2022.02.10-15.07.49:362][  0]LogInit: Profiles: [0000029F020DE800][0000029F7CBD9AC0 49] Windows, [0000029F020A3100][0000029F7CBDC0C0 49] WindowsNoEditor, [0000029F020DF000][0000029F7E570240 49] WindowsServer, [0000029F020A2A00][0000029F7E5743C0 49] WindowsClient, [0000029F020DF300][0000029F7E578540 49] IOS, [0000029F020A0A00][0000029F7E57C6C0 49] iPadAir, [0000029F020DCA00][0000029F7E580840 49] iPadAir2, [0000029F02045F00][0000029F7E58EB00 49] IPadPro, [0000029F02046000][0000029F7E584B40 49] iPadAir3, [0000029F020DCC00][0000029F7E598CC0 49] iPadAir4, [0000029F02046400][0000029F7E59CE40 49] iPadMini2, [0000029F020DCE00][0000029F7E5A0FC0 49] iPadMini3, [0000029F02046500][0000029F7E5A5140 49] iPadMini4, [0000029F020DCB00][0000029F7E5A92C0 49] iPadMini5, [0000029F02079500][0000029F7E5B1580 49] iPhone6, [0000029F02079600][0000029F7E5AD5C0 49] iPodTouch6, [0000029F02045900][0000029F7CBCF840 49] iPhone7, [0000029F02045C00][0000029F7E5B5880 49] iPodTouch7, [0000029F02079900][0000029F7E5B99C0 49] iPhone5S, [0000029F02045800][0000029F7E5BDB00 49] iPhone6Plus, [0000029F02079B00][0000029F7E5C4100 49] iPhone6S, [0000029F02045700][0000029F7E5C8280 49] iPhone6SPlus, [0000029F02079800][0000029F7E5CC400 49] iPhone7Plus, [0000029F02045A00][0000029F7E5D0580 49] iPhoneSE, [0000029F0207B700][0000029F7E5D4700 49] iPhone8, [0000029F02046F00][0000029F7E5D8880 49] iPhone8Plus, [0000029F0207B900][0000029F7E5DCA00 49] iPhoneX, [0000029F02046300][0000029F7E5E0B80 49] iPhoneXS, [0000029F0207BD00][0000029F7E5E4D00 49] iPhoneXSMax, [0000029F02046800][0000029F7E5E8E80 49] iPhoneXR, [0000029F0207AF00][0000029F7E5ED000 49] iPhone11, [0000029F02046900][0000029F7E5F1180 49] iPhone11Pro, [0000029F0207A800][0000029F7E5F5300 49] iPhone11ProMax, [0000029F02044800][0000029F7E5F9480 49] iPhoneSE2, [0000029F0207BC00][0000029F7E5FD600 49] iPhone12Mini, [0000029F02045600][0000029F7E601780 49] iPhone12, [0000029F0207B200][0000029F7E605900 49] iPhone12Pro, [0000029F02044300][0000029F7E5C1A40 49] iPhone12ProMax, [0000029F02078800][0000029F7E609B80 49] iPadPro105, [0000029F02044D00][0000029F7E60C140 49] iPadPro129, [0000029F02078500][0000029F7E6142C0 49] iPadPro97, [0000029F02044200][0000029F7E618440 49] iPadPro2_129, [0000029F0207A000][0000029F7E61C5C0 49] iPad5, [0000029F02046600][0000029F7E620740 49] iPad6, [0000029F020A1000][0000029F7E6248C0 49] iPad7, [0000029F02124C00][0000029F7E628A40 49] iPad8, [0000029F020A1300][0000029F7E62CBC0 49] iPadPro11, [0000029F02125E00][0000029F02800D40 49] iPadPro2_11, [0000029F020A0C00][0000029F02804EC0 49] iPadPro3_129, [0000029F02125300][0000029F02809040 49] iPadPro4_129, [0000029F020A0500][0000029F0280D1C0 49] AppleTV, [0000029F02124100][0000029F02811340 49] AppleTV4K, [0000029F020A1900][0000029F028154C0 49] TVOS, [0000029F02125600][0000029F02819640 49] Mac, [0000029F020A0800][0000029F0281D7C0 49] MacClient, [0000029F02124700][0000029F02821940 49] MacNoEditor, [0000029F02047400][0000029F02825AC0 49] MacServer, [0000029F02078400][0000029F7E611C00 49] Linux, [0000029F02047700][0000029F028281C0 49] LinuxAArch64, [0000029F02079E00][0000029F0282C300 49] LinuxNoEditor, [0000029F02046A00][0000029F02830440 49] LinuxAArch64NoEditor, [0000029F02079400][0000029F028385C0 49] LinuxClient, [0000029F02045000][0000029F0283C740 49] LinuxAArch64Client, [0000029F0207A100][0000029F028408C0 49] LinuxServer, [0000029F02047000][0000029F02844A40 49] LinuxAArch64Server, [0000029F02079C00][0000029F02848BC0 49] Android, [0000029F02047E00][0000029F0284CD40 49] Android_Low, [0000029F02078D00][0000029F02850EC0 49] Android_Mid, [0000029F02045500][0000029F02855040 49] Android_High, [0000029F02078700][0000029F028591C0 49] Android_Default, [0000029F02046E00][0000029F0285D340 49] Android_Adreno4xx, [0000029F02079700][0000029F028614C0 49] Android_Adreno5xx_Low, [0000029F02047500][0000029F02865640 49] Android_Adreno5xx, [0000029F02125200][0000029F028697C0 49] Android_Adreno6xx, [0000029F02044400][0000029F0286D940 49] Android_Adreno6xx_Vulkan, [0000029F02125C00][0000029F02871AC0 49] Android_Mali_T6xx, [0000029F02045400][0000029F028740C0 49] Android_Mali_T7xx, [0000029F02124E00][0000029F02834200 49] Android_Mali_T8xx, [0000029F02046B00][0000029F02878340 49] Android_Mali_G71, [0000029F0207B500][0000029F0287C480 49] Android_Mali_G72, [0000029F02045200][0000029F028805C0 49] Android_Mali_G72_Vulkan, [0000029F0207B800][0000029F02888740 49] Android_Mali_G76, [0000029F02046C00][0000029F0288C8C0 49] Android_Mali_G76_Vulkan, [0000029F0207A200][0000029F02890A40 49] Android_Mali_G77, [0000029F02045B00][0000029F02894BC0 49] Android_Mali_G77_Vulkan, [0000029F02078900][0000029F02898D40 49] Android_Mali_G78, [0000029F02044C00][0000029F0289CEC0 49] Android_Mali_G78_Vulkan, [0000029F0207B300][0000029F028A1040 49] Android_Mali_G710, [0000029F02044900][0000029F028A51C0 49] Android_Mali_G710_Vulkan, [0000029F0207A400][0000029F028A9340 49] Android_Vulkan_SM5, [0000029F02047200][0000029F028AD4C0 49] Android_PowerVR_G6xxx, [0000029F0207B400][0000029F028B1640 49] Android_PowerVR_GT7xxx, [0000029F02047100][0000029F028B57C0 49] Android_PowerVR_GE8xxx, [0000029F0207B600][0000029F028B9940 49] Android_PowerVR_GM9xxx, [0000029F02047300][0000029F028BDAC0 49] Android_PowerVR_GM9xxx_Vulkan, [0000029F0207AE00][0000029F028C00C0 49] Android_TegraK1, [0000029F02046100][0000029F028C4240 49] Android_Unknown_Vulkan, [0000029F0207A500][0000029F028C83C0 49] Lumin, [0000029F020A1700][0000029F02884500 49] Lumin_Desktop, [0000029F0207A300][0000029F028CC640 49] HoloLens, 
[2022.02.10-15.07.49:439][  0]LogMaterial: Display: Missing cached shadermap for WorldGridMaterial in PCD3D_ES3_1, Default, ES3_1 (DDC key hash: 8C6FC3D71C8FEC4E10B10D7EC0EB65B6F40EF40D), compiling. Is special engine material.
[2022.02.10-15.07.50:232][  0]LogShaderCompilers: Display: Submitted 762 shader compile jobs with 'High' priority
[2022.02.10-15.07.50:791][  0]LogShaderCompilers: Display: Worker (1/9): shaders left to compile 762
[2022.02.10-15.07.50:791][  0]LogShaderCompilers: Display: Worker (2/9): shaders left to compile 752
[2022.02.10-15.07.50:791][  0]LogShaderCompilers: Display: Worker (3/9): shaders left to compile 742
[2022.02.10-15.07.50:791][  0]LogShaderCompilers: Display: Worker (4/9): shaders left to compile 732
[2022.02.10-15.07.50:791][  0]LogShaderCompilers: Display: Worker (5/9): shaders left to compile 722
[2022.02.10-15.07.50:791][  0]LogShaderCompilers: Display: Worker (6/9): shaders left to compile 712
[2022.02.10-15.07.50:791][  0]LogShaderCompilers: Display: Worker (7/9): shaders left to compile 702
[2022.02.10-15.07.50:791][  0]LogShaderCompilers: Display: Worker (8/9): shaders left to compile 692
[2022.02.10-15.07.50:791][  0]LogShaderCompilers: Display: Worker (9/9): shaders left to compile 682
[2022.02.10-15.07.50:791][  0]LogShaderCompilers: Display: Started 90 'Local' shader compile jobs with 'High' priority
[2022.02.10-15.07.56:916][  0]LogShaderCompilers: Display: Worker (1/9): shaders left to compile 672
[2022.02.10-15.07.56:916][  0]LogShaderCompilers: Display: Worker (3/9): shaders left to compile 662
[2022.02.10-15.07.56:916][  0]LogShaderCompilers: Display: Started 20 'Local' shader compile jobs with 'High' priority
[2022.02.10-15.07.57:474][  0]LogShaderCompilers: Display: Worker (4/9): shaders left to compile 652
[2022.02.10-15.07.57:474][  0]LogShaderCompilers: Display: Started 10 'Local' shader compile jobs with 'High' priority
[2022.02.10-15.07.57:474][  0]LogShaderCompilers: Display: Worker (8/9): shaders left to compile 642
[2022.02.10-15.07.57:474][  0]LogShaderCompilers: Display: Started 10 'Local' shader compile jobs with 'High' priority
[2022.02.10-15.07.59:144][  0]LogShaderCompilers: Display: Worker (7/9): shaders left to compile 632
[2022.02.10-15.07.59:144][  0]LogShaderCompilers: Display: Started 10 'Local' shader compile jobs with 'High' priority
[2022.02.10-15.07.59:144][  0]LogShaderCompilers: Display: Worker (9/9): shaders left to compile 622
[2022.02.10-15.07.59:144][  0]LogShaderCompilers: Display: Started 10 'Local' shader compile jobs with 'High' priority
[2022.02.10-15.07.59:144][  0]LogShaderCompilers: Display: Worker (5/9): shaders left to compile 612
[2022.02.10-15.07.59:144][  0]LogShaderCompilers: Display: Started 10 'Local' shader compile jobs with 'High' priority
[2022.02.10-15.07.59:702][  0]LogShaderCompilers: Display: Worker (2/9): shaders left to compile 602
[2022.02.10-15.07.59:702][  0]LogShaderCompilers: Display: Started 10 'Local' shader compile jobs with 'High' priority
[2022.02.10-15.08.00:814][  0]LogShaderCompilers: Display: Worker (6/9): shaders left to compile 592
[2022.02.10-15.08.00:814][  0]LogShaderCompilers: Display: Started 10 'Local' shader compile jobs with 'High' priority
[2022.02.10-15.08.03:608][  0]LogShaderCompilers: Display: Worker (3/9): shaders left to compile 582
[2022.02.10-15.08.03:608][  0]LogShaderCompilers: Display: Started 10 'Local' shader compile jobs with 'High' priority
[2022.02.10-15.08.04:722][  0]LogShaderCompilers: Display: Worker (1/9): shaders left to compile 572
[2022.02.10-15.08.04:722][  0]LogShaderCompilers: Display: Started 10 'Local' shader compile jobs with 'High' priority
[2022.02.10-15.08.05:836][  0]LogShaderCompilers: Display: Worker (4/9): shaders left to compile 562
[2022.02.10-15.08.05:836][  0]LogShaderCompilers: Display: Started 10 'Local' shader compile jobs with 'High' priority
[2022.02.10-15.08.07:510][  0]LogShaderCompilers: Display: Worker (8/9): shaders left to compile 552
[2022.02.10-15.08.07:510][  0]LogShaderCompilers: Display: Started 10 'Local' shader compile jobs with 'High' priority
[2022.02.10-15.08.07:510][  0]LogShaderCompilers: Display: Worker (7/9): shaders left to compile 542
[2022.02.10-15.08.07:510][  0]LogShaderCompilers: Display: Started 10 'Local' shader compile jobs with 'High' priority
[2022.02.10-15.08.08:068][  0]LogShaderCompilers: Display: Worker (9/9): shaders left to compile 532
[2022.02.10-15.08.08:068][  0]LogShaderCompilers: Display: Started 10 'Local' shader compile jobs with 'High' priority
[2022.02.10-15.08.09:186][  0]LogShaderCompilers: Display: Worker (2/9): shaders left to compile 522
[2022.02.10-15.08.09:186][  0]LogShaderCompilers: Display: Started 10 'Local' shader compile jobs with 'High' priority
[2022.02.10-15.08.09:744][  0]LogShaderCompilers: Display: Worker (5/9): shaders left to compile 512
[2022.02.10-15.08.09:744][  0]LogShaderCompilers: Display: Started 10 'Local' shader compile jobs with 'High' priority
[2022.02.10-15.08.12:548][  0]LogShaderCompilers: Display: Worker (6/9): shaders left to compile 502
[2022.02.10-15.08.12:548][  0]LogShaderCompilers: Display: Started 10 'Local' shader compile jobs with 'High' priority
